{"D:\\MCA\\Flutter\\stream_sync_lite\\backend\\src\\config\\database.ts": {"path":"D:\\MCA\\Flutter\\stream_sync_lite\\backend\\src\\config\\database.ts","statementMap":{"0":{"start":{"line":1,"column":0},"end":{"line":1,"column":38}},"1":{"start":{"line":2,"column":0},"end":{"line":2,"column":33}},"2":{"start":{"line":4,"column":18},"end":{"line":19,"column":null}},"3":{"start":{"line":22,"column":31},"end":{"line":37,"column":1}},"4":{"start":{"line":23,"column":2},"end":{"line":36,"column":3}},"5":{"start":{"line":24,"column":4},"end":{"line":24,"column":35}},"6":{"start":{"line":25,"column":4},"end":{"line":25,"column":67}},"7":{"start":{"line":31,"column":4},"end":{"line":31,"column":42}},"8":{"start":{"line":32,"column":4},"end":{"line":32,"column":51}},"9":{"start":{"line":34,"column":4},"end":{"line":34,"column":65}},"10":{"start":{"line":35,"column":4},"end":{"line":35,"column":20}},"11":{"start":{"line":22,"column":13},"end":{"line":22,"column":31}},"12":{"start":{"line":39,"column":0},"end":{"line":39,"column":25}}},"fnMap":{"0":{"name":"(anonymous_0)","decl":{"start":{"line":22,"column":31},"end":{"line":22,"column":36}},"loc":{"start":{"line":22,"column":57},"end":{"line":37,"column":1}}}},"branchMap":{"0":{"loc":{"start":{"line":12,"column":13},"end":{"line":12,"column":70}},"type":"cond-expr","locations":[{"start":{"line":12,"column":51},"end":{"line":12,"column":62}},{"start":{"line":12,"column":65},"end":{"line":12,"column":70}}]}},"s":{"0":1,"1":1,"2":1,"3":1,"4":0,"5":0,"6":0,"7":0,"8":0,"9":0,"10":0,"11":1,"12":1},"f":{"0":0},"b":{"0":[0,1]}}
,"D:\\MCA\\Flutter\\stream_sync_lite\\backend\\src\\config\\firebase.ts": {"path":"D:\\MCA\\Flutter\\stream_sync_lite\\backend\\src\\config\\firebase.ts","statementMap":{"0":{"start":{"line":1,"column":0},"end":{"line":1,"column":35}},"1":{"start":{"line":2,"column":0},"end":{"line":2,"column":33}},"2":{"start":{"line":3,"column":0},"end":{"line":3,"column":25}},"3":{"start":{"line":5,"column":26},"end":{"line":5,"column":31}},"4":{"start":{"line":7,"column":34},"end":{"line":34,"column":1}},"5":{"start":{"line":8,"column":2},"end":{"line":33,"column":3}},"6":{"start":{"line":9,"column":4},"end":{"line":12,"column":5}},"7":{"start":{"line":10,"column":6},"end":{"line":10,"column":54}},"8":{"start":{"line":11,"column":6},"end":{"line":11,"column":13}},"9":{"start":{"line":14,"column":31},"end":{"line":14,"column":65}},"10":{"start":{"line":16,"column":4},"end":{"line":20,"column":5}},"11":{"start":{"line":17,"column":6},"end":{"line":17,"column":97}},"12":{"start":{"line":18,"column":6},"end":{"line":18,"column":102}},"13":{"start":{"line":19,"column":6},"end":{"line":19,"column":13}},"14":{"start":{"line":22,"column":27},"end":{"line":22,"column":82}},"15":{"start":{"line":24,"column":4},"end":{"line":26,"column":7}},"16":{"start":{"line":28,"column":4},"end":{"line":28,"column":31}},"17":{"start":{"line":29,"column":4},"end":{"line":29,"column":66}},"18":{"start":{"line":31,"column":4},"end":{"line":31,"column":71}},"19":{"start":{"line":32,"column":4},"end":{"line":32,"column":54}},"20":{"start":{"line":7,"column":13},"end":{"line":7,"column":34}},"21":{"start":{"line":36,"column":36},"end":{"line":41,"column":1}},"22":{"start":{"line":37,"column":2},"end":{"line":39,"column":3}},"23":{"start":{"line":38,"column":4},"end":{"line":38,"column":79}},"24":{"start":{"line":40,"column":2},"end":{"line":40,"column":27}},"25":{"start":{"line":36,"column":13},"end":{"line":36,"column":36}},"26":{"start":{"line":43,"column":37},"end":{"line":45,"column":1}},"27":{"start":{"line":44,"column":2},"end":{"line":44,"column":29}},"28":{"start":{"line":43,"column":13},"end":{"line":43,"column":37}}},"fnMap":{"0":{"name":"(anonymous_10)","decl":{"start":{"line":7,"column":34},"end":{"line":7,"column":43}},"loc":{"start":{"line":7,"column":45},"end":{"line":34,"column":1}}},"1":{"name":"(anonymous_11)","decl":{"start":{"line":36,"column":36},"end":{"line":36,"column":39}},"loc":{"start":{"line":36,"column":41},"end":{"line":41,"column":1}}},"2":{"name":"(anonymous_12)","decl":{"start":{"line":43,"column":37},"end":{"line":43,"column":49}},"loc":{"start":{"line":43,"column":51},"end":{"line":45,"column":1}}}},"branchMap":{"0":{"loc":{"start":{"line":9,"column":4},"end":{"line":12,"column":5}},"type":"if","locations":[{"start":{"line":9,"column":4},"end":{"line":12,"column":5}}]},"1":{"loc":{"start":{"line":16,"column":4},"end":{"line":20,"column":5}},"type":"if","locations":[{"start":{"line":16,"column":4},"end":{"line":20,"column":5}}]},"2":{"loc":{"start":{"line":37,"column":2},"end":{"line":39,"column":3}},"type":"if","locations":[{"start":{"line":37,"column":2},"end":{"line":39,"column":3}}]}},"s":{"0":1,"1":1,"2":1,"3":1,"4":1,"5":0,"6":0,"7":0,"8":0,"9":0,"10":0,"11":0,"12":0,"13":0,"14":0,"15":0,"16":0,"17":0,"18":0,"19":0,"20":1,"21":1,"22":0,"23":0,"24":0,"25":1,"26":1,"27":0,"28":1},"f":{"0":0,"1":0,"2":0},"b":{"0":[0],"1":[0],"2":[0]}}
,"D:\\MCA\\Flutter\\stream_sync_lite\\backend\\src\\config\\index.ts": {"path":"D:\\MCA\\Flutter\\stream_sync_lite\\backend\\src\\config\\index.ts","statementMap":{"0":{"start":{"line":1,"column":0},"end":{"line":1,"column":27}},"1":{"start":{"line":3,"column":13},"end":{"line":24,"column":2}}},"fnMap":{},"branchMap":{"0":{"loc":{"start":{"line":5,"column":19},"end":{"line":5,"column":45}},"type":"binary-expr","locations":[{"start":{"line":5,"column":19},"end":{"line":5,"column":35}},{"start":{"line":5,"column":39},"end":{"line":5,"column":45}}]},"1":{"loc":{"start":{"line":6,"column":9},"end":{"line":6,"column":46}},"type":"binary-expr","locations":[{"start":{"line":6,"column":9},"end":{"line":6,"column":29}},{"start":{"line":6,"column":33},"end":{"line":6,"column":46}}]},"2":{"loc":{"start":{"line":9,"column":10},"end":{"line":9,"column":44}},"type":"binary-expr","locations":[{"start":{"line":9,"column":10},"end":{"line":9,"column":29}},{"start":{"line":9,"column":33},"end":{"line":9,"column":44}}]},"3":{"loc":{"start":{"line":10,"column":19},"end":{"line":10,"column":48}},"type":"binary-expr","locations":[{"start":{"line":10,"column":19},"end":{"line":10,"column":38}},{"start":{"line":10,"column":42},"end":{"line":10,"column":48}}]},"4":{"loc":{"start":{"line":11,"column":10},"end":{"line":11,"column":51}},"type":"binary-expr","locations":[{"start":{"line":11,"column":10},"end":{"line":11,"column":29}},{"start":{"line":11,"column":33},"end":{"line":11,"column":51}}]},"5":{"loc":{"start":{"line":12,"column":10},"end":{"line":12,"column":39}},"type":"binary-expr","locations":[{"start":{"line":12,"column":10},"end":{"line":12,"column":29}},{"start":{"line":12,"column":33},"end":{"line":12,"column":39}}]},"6":{"loc":{"start":{"line":13,"column":14},"end":{"line":13,"column":43}},"type":"binary-expr","locations":[{"start":{"line":13,"column":14},"end":{"line":13,"column":37}},{"start":{"line":13,"column":41},"end":{"line":13,"column":43}}]},"7":{"loc":{"start":{"line":16,"column":18},"end":{"line":16,"column":75}},"type":"binary-expr","locations":[{"start":{"line":16,"column":18},"end":{"line":16,"column":47}},{"start":{"line":16,"column":51},"end":{"line":16,"column":75}}]},"8":{"loc":{"start":{"line":17,"column":19},"end":{"line":17,"column":78}},"type":"binary-expr","locations":[{"start":{"line":17,"column":19},"end":{"line":17,"column":49}},{"start":{"line":17,"column":53},"end":{"line":17,"column":78}}]},"9":{"loc":{"start":{"line":18,"column":19},"end":{"line":18,"column":56}},"type":"binary-expr","locations":[{"start":{"line":18,"column":19},"end":{"line":18,"column":48}},{"start":{"line":18,"column":52},"end":{"line":18,"column":56}}]},"10":{"loc":{"start":{"line":19,"column":20},"end":{"line":19,"column":58}},"type":"binary-expr","locations":[{"start":{"line":19,"column":20},"end":{"line":19,"column":50}},{"start":{"line":19,"column":54},"end":{"line":19,"column":58}}]},"11":{"loc":{"start":{"line":22,"column":24},"end":{"line":22,"column":102}},"type":"binary-expr","locations":[{"start":{"line":22,"column":24},"end":{"line":22,"column":65}},{"start":{"line":22,"column":69},"end":{"line":22,"column":102}}]}},"s":{"0":2,"1":2},"f":{},"b":{"0":[2,0],"1":[2,0],"2":[2,0],"3":[2,0],"4":[2,0],"5":[2,0],"6":[2,2],"7":[2,0],"8":[2,0],"9":[2,0],"10":[2,0],"11":[2,0]}}
,"D:\\MCA\\Flutter\\stream_sync_lite\\backend\\src\\controllers\\auth.controller.ts": {"path":"D:\\MCA\\Flutter\\stream_sync_lite\\backend\\src\\controllers\\auth.controller.ts","statementMap":{"0":{"start":{"line":3,"column":0},"end":{"line":3,"column":33}},"1":{"start":{"line":4,"column":0},"end":{"line":4,"column":69}},"2":{"start":{"line":5,"column":0},"end":{"line":5,"column":null}},"3":{"start":{"line":10,"column":0},"end":{"line":10,"column":55}},"4":{"start":{"line":16,"column":24},"end":{"line":74,"column":1}},"5":{"start":{"line":17,"column":2},"end":{"line":73,"column":3}},"6":{"start":{"line":19,"column":29},"end":{"line":19,"column":62}},"7":{"start":{"line":20,"column":4},"end":{"line":26,"column":5}},"8":{"start":{"line":21,"column":6},"end":{"line":24,"column":9}},"9":{"start":{"line":25,"column":6},"end":{"line":25,"column":13}},"10":{"start":{"line":28,"column":38},"end":{"line":28,"column":43}},"11":{"start":{"line":31,"column":25},"end":{"line":31,"column":65}},"12":{"start":{"line":32,"column":4},"end":{"line":38,"column":5}},"13":{"start":{"line":33,"column":6},"end":{"line":36,"column":9}},"14":{"start":{"line":37,"column":6},"end":{"line":37,"column":13}},"15":{"start":{"line":41,"column":26},"end":{"line":41,"column":59}},"16":{"start":{"line":44,"column":17},"end":{"line":49,"column":6}},"17":{"start":{"line":52,"column":19},"end":{"line":56,"column":6}},"18":{"start":{"line":58,"column":4},"end":{"line":65,"column":7}},"19":{"start":{"line":67,"column":4},"end":{"line":67,"column":44}},"20":{"start":{"line":68,"column":4},"end":{"line":72,"column":7}},"21":{"start":{"line":16,"column":13},"end":{"line":16,"column":24}},"22":{"start":{"line":80,"column":21},"end":{"line":147,"column":1}},"23":{"start":{"line":81,"column":2},"end":{"line":146,"column":3}},"24":{"start":{"line":83,"column":29},"end":{"line":83,"column":59}},"25":{"start":{"line":84,"column":4},"end":{"line":90,"column":5}},"26":{"start":{"line":85,"column":6},"end":{"line":88,"column":9}},"27":{"start":{"line":89,"column":6},"end":{"line":89,"column":13}},"28":{"start":{"line":92,"column":52},"end":{"line":92,"column":57}},"29":{"start":{"line":95,"column":17},"end":{"line":95,"column":57}},"30":{"start":{"line":96,"column":4},"end":{"line":102,"column":5}},"31":{"start":{"line":97,"column":6},"end":{"line":100,"column":9}},"32":{"start":{"line":101,"column":6},"end":{"line":101,"column":13}},"33":{"start":{"line":105,"column":28},"end":{"line":105,"column":64}},"34":{"start":{"line":106,"column":4},"end":{"line":112,"column":5}},"35":{"start":{"line":107,"column":6},"end":{"line":110,"column":9}},"36":{"start":{"line":111,"column":6},"end":{"line":111,"column":13}},"37":{"start":{"line":115,"column":19},"end":{"line":119,"column":6}},"38":{"start":{"line":122,"column":4},"end":{"line":129,"column":5}},"39":{"start":{"line":123,"column":6},"end":{"line":128,"column":7}},"40":{"start":{"line":124,"column":8},"end":{"line":124,"column":56}},"41":{"start":{"line":126,"column":8},"end":{"line":126,"column":61}},"42":{"start":{"line":131,"column":4},"end":{"line":138,"column":7}},"43":{"start":{"line":140,"column":4},"end":{"line":140,"column":41}},"44":{"start":{"line":141,"column":4},"end":{"line":145,"column":7}},"45":{"start":{"line":80,"column":13},"end":{"line":80,"column":21}},"46":{"start":{"line":153,"column":23},"end":{"line":211,"column":1}},"47":{"start":{"line":154,"column":2},"end":{"line":210,"column":3}},"48":{"start":{"line":156,"column":29},"end":{"line":156,"column":66}},"49":{"start":{"line":157,"column":4},"end":{"line":163,"column":5}},"50":{"start":{"line":158,"column":6},"end":{"line":161,"column":9}},"51":{"start":{"line":162,"column":6},"end":{"line":162,"column":13}},"52":{"start":{"line":165,"column":29},"end":{"line":165,"column":34}},"53":{"start":{"line":169,"column":4},"end":{"line":177,"column":5}},"54":{"start":{"line":170,"column":6},"end":{"line":170,"column":49}},"55":{"start":{"line":172,"column":6},"end":{"line":175,"column":9}},"56":{"start":{"line":176,"column":6},"end":{"line":176,"column":13}},"57":{"start":{"line":180,"column":17},"end":{"line":180,"column":52}},"58":{"start":{"line":181,"column":4},"end":{"line":187,"column":5}},"59":{"start":{"line":182,"column":6},"end":{"line":185,"column":9}},"60":{"start":{"line":186,"column":6},"end":{"line":186,"column":13}},"61":{"start":{"line":190,"column":19},"end":{"line":194,"column":6}},"62":{"start":{"line":196,"column":4},"end":{"line":202,"column":7}},"63":{"start":{"line":204,"column":4},"end":{"line":204,"column":43}},"64":{"start":{"line":205,"column":4},"end":{"line":209,"column":7}},"65":{"start":{"line":153,"column":13},"end":{"line":153,"column":23}},"66":{"start":{"line":217,"column":18},"end":{"line":250,"column":1}},"67":{"start":{"line":218,"column":2},"end":{"line":249,"column":3}},"68":{"start":{"line":219,"column":4},"end":{"line":225,"column":5}},"69":{"start":{"line":220,"column":6},"end":{"line":223,"column":9}},"70":{"start":{"line":224,"column":6},"end":{"line":224,"column":13}},"71":{"start":{"line":227,"column":17},"end":{"line":227,"column":53}},"72":{"start":{"line":228,"column":4},"end":{"line":234,"column":5}},"73":{"start":{"line":229,"column":6},"end":{"line":232,"column":9}},"74":{"start":{"line":233,"column":6},"end":{"line":233,"column":13}},"75":{"start":{"line":236,"column":4},"end":{"line":241,"column":7}},"76":{"start":{"line":243,"column":4},"end":{"line":243,"column":47}},"77":{"start":{"line":244,"column":4},"end":{"line":248,"column":7}},"78":{"start":{"line":217,"column":13},"end":{"line":217,"column":18}}},"fnMap":{"0":{"name":"(anonymous_0)","decl":{"start":{"line":16,"column":24},"end":{"line":16,"column":29}},"loc":{"start":{"line":16,"column":81},"end":{"line":74,"column":1}}},"1":{"name":"(anonymous_1)","decl":{"start":{"line":80,"column":21},"end":{"line":80,"column":26}},"loc":{"start":{"line":80,"column":78},"end":{"line":147,"column":1}}},"2":{"name":"(anonymous_2)","decl":{"start":{"line":153,"column":23},"end":{"line":153,"column":28}},"loc":{"start":{"line":153,"column":80},"end":{"line":211,"column":1}}},"3":{"name":"(anonymous_3)","decl":{"start":{"line":217,"column":18},"end":{"line":217,"column":23}},"loc":{"start":{"line":217,"column":75},"end":{"line":250,"column":1}}}},"branchMap":{"0":{"loc":{"start":{"line":20,"column":4},"end":{"line":26,"column":5}},"type":"if","locations":[{"start":{"line":20,"column":4},"end":{"line":26,"column":5}}]},"1":{"loc":{"start":{"line":32,"column":4},"end":{"line":38,"column":5}},"type":"if","locations":[{"start":{"line":32,"column":4},"end":{"line":38,"column":5}}]},"2":{"loc":{"start":{"line":84,"column":4},"end":{"line":90,"column":5}},"type":"if","locations":[{"start":{"line":84,"column":4},"end":{"line":90,"column":5}}]},"3":{"loc":{"start":{"line":96,"column":4},"end":{"line":102,"column":5}},"type":"if","locations":[{"start":{"line":96,"column":4},"end":{"line":102,"column":5}}]},"4":{"loc":{"start":{"line":106,"column":4},"end":{"line":112,"column":5}},"type":"if","locations":[{"start":{"line":106,"column":4},"end":{"line":112,"column":5}}]},"5":{"loc":{"start":{"line":122,"column":4},"end":{"line":129,"column":5}},"type":"if","locations":[{"start":{"line":122,"column":4},"end":{"line":129,"column":5}}]},"6":{"loc":{"start":{"line":122,"column":8},"end":{"line":122,"column":28}},"type":"binary-expr","locations":[{"start":{"line":122,"column":8},"end":{"line":122,"column":16}},{"start":{"line":122,"column":20},"end":{"line":122,"column":28}}]},"7":{"loc":{"start":{"line":157,"column":4},"end":{"line":163,"column":5}},"type":"if","locations":[{"start":{"line":157,"column":4},"end":{"line":163,"column":5}}]},"8":{"loc":{"start":{"line":181,"column":4},"end":{"line":187,"column":5}},"type":"if","locations":[{"start":{"line":181,"column":4},"end":{"line":187,"column":5}}]},"9":{"loc":{"start":{"line":219,"column":4},"end":{"line":225,"column":5}},"type":"if","locations":[{"start":{"line":219,"column":4},"end":{"line":225,"column":5}}]},"10":{"loc":{"start":{"line":228,"column":4},"end":{"line":234,"column":5}},"type":"if","locations":[{"start":{"line":228,"column":4},"end":{"line":234,"column":5}}]}},"s":{"0":1,"1":1,"2":1,"3":1,"4":1,"5":3,"6":3,"7":3,"8":1,"9":1,"10":2,"11":2,"12":2,"13":1,"14":1,"15":1,"16":1,"17":1,"18":1,"19":1,"20":1,"21":1,"22":1,"23":3,"24":3,"25":3,"26":0,"27":0,"28":3,"29":3,"30":3,"31":1,"32":1,"33":2,"34":0,"35":0,"36":0,"37":0,"38":0,"39":0,"40":0,"41":0,"42":0,"43":2,"44":2,"45":1,"46":1,"47":0,"48":0,"49":0,"50":0,"51":0,"52":0,"53":0,"54":0,"55":0,"56":0,"57":0,"58":0,"59":0,"60":0,"61":0,"62":0,"63":0,"64":0,"65":1,"66":1,"67":0,"68":0,"69":0,"70":0,"71":0,"72":0,"73":0,"74":0,"75":0,"76":0,"77":0,"78":1},"f":{"0":3,"1":3,"2":0,"3":0},"b":{"0":[1],"1":[1],"2":[0],"3":[1],"4":[0],"5":[0],"6":[0,0],"7":[0],"8":[0],"9":[0],"10":[0]}}
,"D:\\MCA\\Flutter\\stream_sync_lite\\backend\\src\\controllers\\notification.controller.ts": {"path":"D:\\MCA\\Flutter\\stream_sync_lite\\backend\\src\\controllers\\notification.controller.ts","statementMap":{"0":{"start":{"line":2,"column":0},"end":{"line":2,"column":51}},"1":{"start":{"line":3,"column":0},"end":{"line":3,"column":56}},"2":{"start":{"line":11,"column":32},"end":{"line":42,"column":1}},"3":{"start":{"line":12,"column":2},"end":{"line":41,"column":3}},"4":{"start":{"line":13,"column":19},"end":{"line":13,"column":35}},"5":{"start":{"line":14,"column":18},"end":{"line":14,"column":59}},"6":{"start":{"line":15,"column":19},"end":{"line":15,"column":60}},"7":{"start":{"line":17,"column":26},"end":{"line":22,"column":6}},"8":{"start":{"line":24,"column":24},"end":{"line":26,"column":6}},"9":{"start":{"line":28,"column":4},"end":{"line":33,"column":7}},"10":{"start":{"line":35,"column":4},"end":{"line":35,"column":58}},"11":{"start":{"line":36,"column":4},"end":{"line":40,"column":7}},"12":{"start":{"line":11,"column":13},"end":{"line":11,"column":32}},"13":{"start":{"line":49,"column":26},"end":{"line":82,"column":1}},"14":{"start":{"line":50,"column":2},"end":{"line":81,"column":3}},"15":{"start":{"line":51,"column":19},"end":{"line":51,"column":29}},"16":{"start":{"line":52,"column":19},"end":{"line":52,"column":35}},"17":{"start":{"line":54,"column":25},"end":{"line":56,"column":6}},"18":{"start":{"line":58,"column":4},"end":{"line":64,"column":5}},"19":{"start":{"line":59,"column":6},"end":{"line":62,"column":9}},"20":{"start":{"line":63,"column":6},"end":{"line":63,"column":13}},"21":{"start":{"line":66,"column":4},"end":{"line":66,"column":31}},"22":{"start":{"line":67,"column":4},"end":{"line":67,"column":30}},"23":{"start":{"line":69,"column":4},"end":{"line":73,"column":7}},"24":{"start":{"line":75,"column":4},"end":{"line":75,"column":64}},"25":{"start":{"line":76,"column":4},"end":{"line":80,"column":7}},"26":{"start":{"line":49,"column":13},"end":{"line":49,"column":26}},"27":{"start":{"line":89,"column":29},"end":{"line":110,"column":1}},"28":{"start":{"line":90,"column":2},"end":{"line":109,"column":3}},"29":{"start":{"line":91,"column":19},"end":{"line":91,"column":35}},"30":{"start":{"line":93,"column":4},"end":{"line":96,"column":6}},"31":{"start":{"line":98,"column":4},"end":{"line":101,"column":7}},"32":{"start":{"line":103,"column":4},"end":{"line":103,"column":69}},"33":{"start":{"line":104,"column":4},"end":{"line":108,"column":7}},"34":{"start":{"line":89,"column":13},"end":{"line":89,"column":29}},"35":{"start":{"line":117,"column":34},"end":{"line":148,"column":1}},"36":{"start":{"line":118,"column":2},"end":{"line":147,"column":3}},"37":{"start":{"line":119,"column":19},"end":{"line":119,"column":29}},"38":{"start":{"line":120,"column":19},"end":{"line":120,"column":35}},"39":{"start":{"line":122,"column":25},"end":{"line":124,"column":6}},"40":{"start":{"line":126,"column":4},"end":{"line":132,"column":5}},"41":{"start":{"line":127,"column":6},"end":{"line":130,"column":9}},"42":{"start":{"line":131,"column":6},"end":{"line":131,"column":13}},"43":{"start":{"line":134,"column":4},"end":{"line":134,"column":33}},"44":{"start":{"line":136,"column":4},"end":{"line":139,"column":7}},"45":{"start":{"line":141,"column":4},"end":{"line":141,"column":57}},"46":{"start":{"line":142,"column":4},"end":{"line":146,"column":7}},"47":{"start":{"line":117,"column":13},"end":{"line":117,"column":34}},"48":{"start":{"line":155,"column":28},"end":{"line":211,"column":1}},"49":{"start":{"line":156,"column":2},"end":{"line":210,"column":3}},"50":{"start":{"line":157,"column":19},"end":{"line":157,"column":35}},"51":{"start":{"line":158,"column":28},"end":{"line":158,"column":36}},"52":{"start":{"line":160,"column":4},"end":{"line":166,"column":5}},"53":{"start":{"line":161,"column":6},"end":{"line":164,"column":9}},"54":{"start":{"line":165,"column":6},"end":{"line":165,"column":13}},"55":{"start":{"line":169,"column":25},"end":{"line":175,"column":6}},"56":{"start":{"line":178,"column":4},"end":{"line":202,"column":5}},"57":{"start":{"line":179,"column":6},"end":{"line":187,"column":8}},"58":{"start":{"line":189,"column":6},"end":{"line":193,"column":9}},"59":{"start":{"line":195,"column":6},"end":{"line":195,"column":44}},"60":{"start":{"line":196,"column":6},"end":{"line":201,"column":9}},"61":{"start":{"line":204,"column":4},"end":{"line":204,"column":53}},"62":{"start":{"line":205,"column":4},"end":{"line":209,"column":7}},"63":{"start":{"line":155,"column":13},"end":{"line":155,"column":28}},"64":{"start":{"line":218,"column":34},"end":{"line":270,"column":1}},"65":{"start":{"line":219,"column":2},"end":{"line":269,"column":3}},"66":{"start":{"line":220,"column":79},"end":{"line":220,"column":87}},"67":{"start":{"line":222,"column":4},"end":{"line":228,"column":5}},"68":{"start":{"line":223,"column":6},"end":{"line":226,"column":9}},"69":{"start":{"line":227,"column":6},"end":{"line":227,"column":13}},"70":{"start":{"line":230,"column":25},"end":{"line":239,"column":6}},"71":{"start":{"line":242,"column":4},"end":{"line":255,"column":5}},"72":{"start":{"line":243,"column":6},"end":{"line":252,"column":8}},"73":{"start":{"line":254,"column":6},"end":{"line":254,"column":66}},"74":{"start":{"line":257,"column":4},"end":{"line":261,"column":7}},"75":{"start":{"line":263,"column":4},"end":{"line":263,"column":57}},"76":{"start":{"line":264,"column":4},"end":{"line":268,"column":7}},"77":{"start":{"line":218,"column":13},"end":{"line":218,"column":34}}},"fnMap":{"0":{"name":"(anonymous_0)","decl":{"start":{"line":11,"column":32},"end":{"line":11,"column":37}},"loc":{"start":{"line":11,"column":89},"end":{"line":42,"column":1}}},"1":{"name":"(anonymous_1)","decl":{"start":{"line":49,"column":26},"end":{"line":49,"column":31}},"loc":{"start":{"line":49,"column":83},"end":{"line":82,"column":1}}},"2":{"name":"(anonymous_2)","decl":{"start":{"line":89,"column":29},"end":{"line":89,"column":34}},"loc":{"start":{"line":89,"column":86},"end":{"line":110,"column":1}}},"3":{"name":"(anonymous_3)","decl":{"start":{"line":117,"column":34},"end":{"line":117,"column":39}},"loc":{"start":{"line":117,"column":91},"end":{"line":148,"column":1}}},"4":{"name":"(anonymous_4)","decl":{"start":{"line":155,"column":28},"end":{"line":155,"column":33}},"loc":{"start":{"line":155,"column":85},"end":{"line":211,"column":1}}},"5":{"name":"(anonymous_5)","decl":{"start":{"line":218,"column":34},"end":{"line":218,"column":39}},"loc":{"start":{"line":218,"column":91},"end":{"line":270,"column":1}}}},"branchMap":{"0":{"loc":{"start":{"line":14,"column":18},"end":{"line":14,"column":59}},"type":"binary-expr","locations":[{"start":{"line":14,"column":18},"end":{"line":14,"column":53}},{"start":{"line":14,"column":57},"end":{"line":14,"column":59}}]},"1":{"loc":{"start":{"line":15,"column":19},"end":{"line":15,"column":60}},"type":"binary-expr","locations":[{"start":{"line":15,"column":19},"end":{"line":15,"column":55}},{"start":{"line":15,"column":59},"end":{"line":15,"column":60}}]},"2":{"loc":{"start":{"line":58,"column":4},"end":{"line":64,"column":5}},"type":"if","locations":[{"start":{"line":58,"column":4},"end":{"line":64,"column":5}}]},"3":{"loc":{"start":{"line":126,"column":4},"end":{"line":132,"column":5}},"type":"if","locations":[{"start":{"line":126,"column":4},"end":{"line":132,"column":5}}]},"4":{"loc":{"start":{"line":160,"column":4},"end":{"line":166,"column":5}},"type":"if","locations":[{"start":{"line":160,"column":4},"end":{"line":166,"column":5}}]},"5":{"loc":{"start":{"line":160,"column":8},"end":{"line":160,"column":23}},"type":"binary-expr","locations":[{"start":{"line":160,"column":8},"end":{"line":160,"column":14}},{"start":{"line":160,"column":18},"end":{"line":160,"column":23}}]},"6":{"loc":{"start":{"line":222,"column":4},"end":{"line":228,"column":5}},"type":"if","locations":[{"start":{"line":222,"column":4},"end":{"line":228,"column":5}}]},"7":{"loc":{"start":{"line":222,"column":8},"end":{"line":222,"column":34}},"type":"binary-expr","locations":[{"start":{"line":222,"column":8},"end":{"line":222,"column":15}},{"start":{"line":222,"column":19},"end":{"line":222,"column":25}},{"start":{"line":222,"column":29},"end":{"line":222,"column":34}}]},"8":{"loc":{"start":{"line":235,"column":12},"end":{"line":235,"column":27}},"type":"binary-expr","locations":[{"start":{"line":235,"column":12},"end":{"line":235,"column":16}},{"start":{"line":235,"column":20},"end":{"line":235,"column":27}}]},"9":{"loc":{"start":{"line":250,"column":27},"end":{"line":250,"column":60}},"type":"binary-expr","locations":[{"start":{"line":250,"column":27},"end":{"line":250,"column":54}},{"start":{"line":250,"column":58},"end":{"line":250,"column":60}}]}},"s":{"0":0,"1":0,"2":0,"3":0,"4":0,"5":0,"6":0,"7":0,"8":0,"9":0,"10":0,"11":0,"12":0,"13":0,"14":0,"15":0,"16":0,"17":0,"18":0,"19":0,"20":0,"21":0,"22":0,"23":0,"24":0,"25":0,"26":0,"27":0,"28":0,"29":0,"30":0,"31":0,"32":0,"33":0,"34":0,"35":0,"36":0,"37":0,"38":0,"39":0,"40":0,"41":0,"42":0,"43":0,"44":0,"45":0,"46":0,"47":0,"48":0,"49":0,"50":0,"51":0,"52":0,"53":0,"54":0,"55":0,"56":0,"57":0,"58":0,"59":0,"60":0,"61":0,"62":0,"63":0,"64":0,"65":0,"66":0,"67":0,"68":0,"69":0,"70":0,"71":0,"72":0,"73":0,"74":0,"75":0,"76":0,"77":0},"f":{"0":0,"1":0,"2":0,"3":0,"4":0,"5":0},"b":{"0":[0,0],"1":[0,0],"2":[0],"3":[0],"4":[0],"5":[0,0],"6":[0],"7":[0,0,0],"8":[0,0],"9":[0,0]}}
,"D:\\MCA\\Flutter\\stream_sync_lite\\backend\\src\\controllers\\video.controller.ts": {"path":"D:\\MCA\\Flutter\\stream_sync_lite\\backend\\src\\controllers\\video.controller.ts","statementMap":{"0":{"start":{"line":2,"column":0},"end":{"line":2,"column":49}},"1":{"start":{"line":3,"column":0},"end":{"line":3,"column":31}},"2":{"start":{"line":11,"column":25},"end":{"line":87,"column":1}},"3":{"start":{"line":12,"column":2},"end":{"line":86,"column":3}},"4":{"start":{"line":13,"column":19},"end":{"line":13,"column":35}},"5":{"start":{"line":14,"column":18},"end":{"line":14,"column":59}},"6":{"start":{"line":15,"column":19},"end":{"line":15,"column":60}},"7":{"start":{"line":17,"column":4},"end":{"line":17,"column":95}},"8":{"start":{"line":20,"column":19},"end":{"line":24,"column":6}},"9":{"start":{"line":26,"column":4},"end":{"line":26,"column":51}},"10":{"start":{"line":29,"column":4},"end":{"line":78,"column":5}},"11":{"start":{"line":30,"column":23},"end":{"line":30,"column":44}},"12":{"start":{"line":30,"column":39},"end":{"line":30,"column":43}},"13":{"start":{"line":31,"column":6},"end":{"line":31,"column":79}},"14":{"start":{"line":33,"column":27},"end":{"line":38,"column":8}},"15":{"start":{"line":40,"column":6},"end":{"line":40,"column":69}},"16":{"start":{"line":41,"column":6},"end":{"line":43,"column":9}},"17":{"start":{"line":42,"column":8},"end":{"line":42,"column":109}},"18":{"start":{"line":45,"column":26},"end":{"line":45,"column":72}},"19":{"start":{"line":45,"column":56},"end":{"line":45,"column":70}},"20":{"start":{"line":47,"column":33},"end":{"line":65,"column":8}},"21":{"start":{"line":48,"column":25},"end":{"line":48,"column":50}},"22":{"start":{"line":49,"column":23},"end":{"line":62,"column":10}},"23":{"start":{"line":63,"column":8},"end":{"line":63,"column":86}},"24":{"start":{"line":64,"column":8},"end":{"line":64,"column":22}},"25":{"start":{"line":67,"column":6},"end":{"line":71,"column":9}},"26":{"start":{"line":73,"column":6},"end":{"line":77,"column":9}},"27":{"start":{"line":80,"column":4},"end":{"line":80,"column":51}},"28":{"start":{"line":81,"column":4},"end":{"line":85,"column":7}},"29":{"start":{"line":11,"column":13},"end":{"line":11,"column":25}},"30":{"start":{"line":94,"column":28},"end":{"line":133,"column":1}},"31":{"start":{"line":95,"column":2},"end":{"line":132,"column":3}},"32":{"start":{"line":96,"column":19},"end":{"line":96,"column":29}},"33":{"start":{"line":97,"column":19},"end":{"line":97,"column":35}},"34":{"start":{"line":99,"column":18},"end":{"line":99,"column":42}},"35":{"start":{"line":101,"column":4},"end":{"line":107,"column":5}},"36":{"start":{"line":102,"column":6},"end":{"line":105,"column":9}},"37":{"start":{"line":106,"column":6},"end":{"line":106,"column":13}},"38":{"start":{"line":110,"column":19},"end":{"line":110,"column":23}},"39":{"start":{"line":111,"column":4},"end":{"line":115,"column":5}},"40":{"start":{"line":112,"column":6},"end":{"line":114,"column":9}},"41":{"start":{"line":117,"column":4},"end":{"line":124,"column":7}},"42":{"start":{"line":126,"column":4},"end":{"line":126,"column":50}},"43":{"start":{"line":127,"column":4},"end":{"line":131,"column":7}},"44":{"start":{"line":94,"column":13},"end":{"line":94,"column":28}},"45":{"start":{"line":140,"column":35},"end":{"line":186,"column":1}},"46":{"start":{"line":141,"column":2},"end":{"line":185,"column":3}},"47":{"start":{"line":142,"column":19},"end":{"line":142,"column":29}},"48":{"start":{"line":143,"column":19},"end":{"line":143,"column":35}},"49":{"start":{"line":144,"column":35},"end":{"line":144,"column":43}},"50":{"start":{"line":146,"column":4},"end":{"line":152,"column":5}},"51":{"start":{"line":147,"column":6},"end":{"line":150,"column":9}},"52":{"start":{"line":151,"column":6},"end":{"line":151,"column":13}},"53":{"start":{"line":154,"column":18},"end":{"line":154,"column":42}},"54":{"start":{"line":155,"column":4},"end":{"line":161,"column":5}},"55":{"start":{"line":156,"column":6},"end":{"line":159,"column":9}},"56":{"start":{"line":160,"column":6},"end":{"line":160,"column":13}},"57":{"start":{"line":164,"column":32},"end":{"line":171,"column":6}},"58":{"start":{"line":173,"column":4},"end":{"line":177,"column":7}},"59":{"start":{"line":179,"column":4},"end":{"line":179,"column":59}},"60":{"start":{"line":180,"column":4},"end":{"line":184,"column":7}},"61":{"start":{"line":140,"column":13},"end":{"line":140,"column":35}},"62":{"start":{"line":193,"column":30},"end":{"line":241,"column":1}},"63":{"start":{"line":194,"column":2},"end":{"line":240,"column":3}},"64":{"start":{"line":195,"column":19},"end":{"line":195,"column":29}},"65":{"start":{"line":196,"column":19},"end":{"line":196,"column":35}},"66":{"start":{"line":198,"column":4},"end":{"line":198,"column":70}},"67":{"start":{"line":200,"column":18},"end":{"line":200,"column":42}},"68":{"start":{"line":201,"column":4},"end":{"line":207,"column":5}},"69":{"start":{"line":202,"column":6},"end":{"line":205,"column":9}},"70":{"start":{"line":206,"column":6},"end":{"line":206,"column":13}},"71":{"start":{"line":210,"column":19},"end":{"line":212,"column":6}},"72":{"start":{"line":214,"column":4},"end":{"line":226,"column":5}},"73":{"start":{"line":215,"column":6},"end":{"line":215,"column":49}},"74":{"start":{"line":216,"column":6},"end":{"line":216,"column":28}},"75":{"start":{"line":217,"column":6},"end":{"line":217,"column":67}},"76":{"start":{"line":219,"column":6},"end":{"line":224,"column":9}},"77":{"start":{"line":225,"column":6},"end":{"line":225,"column":57}},"78":{"start":{"line":228,"column":4},"end":{"line":232,"column":7}},"79":{"start":{"line":234,"column":4},"end":{"line":234,"column":53}},"80":{"start":{"line":235,"column":4},"end":{"line":239,"column":7}},"81":{"start":{"line":193,"column":13},"end":{"line":193,"column":30}},"82":{"start":{"line":248,"column":28},"end":{"line":285,"column":1}},"83":{"start":{"line":249,"column":2},"end":{"line":284,"column":3}},"84":{"start":{"line":250,"column":19},"end":{"line":250,"column":35}},"85":{"start":{"line":252,"column":22},"end":{"line":265,"column":6}},"86":{"start":{"line":267,"column":31},"end":{"line":271,"column":7}},"87":{"start":{"line":267,"column":60},"end":{"line":271,"column":6}},"88":{"start":{"line":273,"column":4},"end":{"line":276,"column":7}},"89":{"start":{"line":278,"column":4},"end":{"line":278,"column":54}},"90":{"start":{"line":279,"column":4},"end":{"line":283,"column":7}},"91":{"start":{"line":248,"column":13},"end":{"line":248,"column":28}}},"fnMap":{"0":{"name":"(anonymous_0)","decl":{"start":{"line":11,"column":25},"end":{"line":11,"column":30}},"loc":{"start":{"line":11,"column":82},"end":{"line":87,"column":1}}},"1":{"name":"(anonymous_1)","decl":{"start":{"line":30,"column":34},"end":{"line":30,"column":35}},"loc":{"start":{"line":30,"column":39},"end":{"line":30,"column":43}}},"2":{"name":"(anonymous_2)","decl":{"start":{"line":41,"column":27},"end":{"line":41,"column":28}},"loc":{"start":{"line":41,"column":31},"end":{"line":43,"column":7}}},"3":{"name":"(anonymous_3)","decl":{"start":{"line":45,"column":51},"end":{"line":45,"column":52}},"loc":{"start":{"line":45,"column":56},"end":{"line":45,"column":70}}},"4":{"name":"(anonymous_4)","decl":{"start":{"line":47,"column":44},"end":{"line":47,"column":49}},"loc":{"start":{"line":47,"column":52},"end":{"line":65,"column":7}}},"5":{"name":"(anonymous_5)","decl":{"start":{"line":94,"column":28},"end":{"line":94,"column":33}},"loc":{"start":{"line":94,"column":85},"end":{"line":133,"column":1}}},"6":{"name":"(anonymous_6)","decl":{"start":{"line":140,"column":35},"end":{"line":140,"column":40}},"loc":{"start":{"line":140,"column":92},"end":{"line":186,"column":1}}},"7":{"name":"(anonymous_7)","decl":{"start":{"line":193,"column":30},"end":{"line":193,"column":35}},"loc":{"start":{"line":193,"column":87},"end":{"line":241,"column":1}}},"8":{"name":"(anonymous_8)","decl":{"start":{"line":248,"column":28},"end":{"line":248,"column":33}},"loc":{"start":{"line":248,"column":85},"end":{"line":285,"column":1}}},"9":{"name":"(anonymous_9)","decl":{"start":{"line":267,"column":45},"end":{"line":267,"column":46}},"loc":{"start":{"line":267,"column":60},"end":{"line":271,"column":6}}}},"branchMap":{"0":{"loc":{"start":{"line":14,"column":18},"end":{"line":14,"column":59}},"type":"binary-expr","locations":[{"start":{"line":14,"column":18},"end":{"line":14,"column":53}},{"start":{"line":14,"column":57},"end":{"line":14,"column":59}}]},"1":{"loc":{"start":{"line":15,"column":19},"end":{"line":15,"column":60}},"type":"binary-expr","locations":[{"start":{"line":15,"column":19},"end":{"line":15,"column":55}},{"start":{"line":15,"column":59},"end":{"line":15,"column":60}}]},"2":{"loc":{"start":{"line":29,"column":4},"end":{"line":78,"column":5}},"type":"if","locations":[{"start":{"line":29,"column":4},"end":{"line":78,"column":5}},{"start":{"line":72,"column":11},"end":{"line":78,"column":5}}]},"3":{"loc":{"start":{"line":60,"column":22},"end":{"line":60,"column":51}},"type":"binary-expr","locations":[{"start":{"line":60,"column":22},"end":{"line":60,"column":42}},{"start":{"line":60,"column":46},"end":{"line":60,"column":51}}]},"4":{"loc":{"start":{"line":61,"column":30},"end":{"line":61,"column":63}},"type":"binary-expr","locations":[{"start":{"line":61,"column":30},"end":{"line":61,"column":58}},{"start":{"line":61,"column":62},"end":{"line":61,"column":63}}]},"5":{"loc":{"start":{"line":101,"column":4},"end":{"line":107,"column":5}},"type":"if","locations":[{"start":{"line":101,"column":4},"end":{"line":107,"column":5}}]},"6":{"loc":{"start":{"line":111,"column":4},"end":{"line":115,"column":5}},"type":"if","locations":[{"start":{"line":111,"column":4},"end":{"line":115,"column":5}}]},"7":{"loc":{"start":{"line":121,"column":20},"end":{"line":121,"column":49}},"type":"binary-expr","locations":[{"start":{"line":121,"column":20},"end":{"line":121,"column":40}},{"start":{"line":121,"column":44},"end":{"line":121,"column":49}}]},"8":{"loc":{"start":{"line":122,"column":28},"end":{"line":122,"column":61}},"type":"binary-expr","locations":[{"start":{"line":122,"column":28},"end":{"line":122,"column":56}},{"start":{"line":122,"column":60},"end":{"line":122,"column":61}}]},"9":{"loc":{"start":{"line":146,"column":4},"end":{"line":152,"column":5}},"type":"if","locations":[{"start":{"line":146,"column":4},"end":{"line":152,"column":5}}]},"10":{"loc":{"start":{"line":146,"column":8},"end":{"line":146,"column":72}},"type":"binary-expr","locations":[{"start":{"line":146,"column":8},"end":{"line":146,"column":46}},{"start":{"line":146,"column":50},"end":{"line":146,"column":72}}]},"11":{"loc":{"start":{"line":155,"column":4},"end":{"line":161,"column":5}},"type":"if","locations":[{"start":{"line":155,"column":4},"end":{"line":161,"column":5}}]},"12":{"loc":{"start":{"line":175,"column":15},"end":{"line":175,"column":64}},"type":"cond-expr","locations":[{"start":{"line":175,"column":25},"end":{"line":175,"column":43}},{"start":{"line":175,"column":46},"end":{"line":175,"column":64}}]},"13":{"loc":{"start":{"line":201,"column":4},"end":{"line":207,"column":5}},"type":"if","locations":[{"start":{"line":201,"column":4},"end":{"line":207,"column":5}}]},"14":{"loc":{"start":{"line":214,"column":4},"end":{"line":226,"column":5}},"type":"if","locations":[{"start":{"line":214,"column":4},"end":{"line":226,"column":5}},{"start":{"line":218,"column":11},"end":{"line":226,"column":5}}]},"15":{"loc":{"start":{"line":230,"column":15},"end":{"line":230,"column":84}},"type":"cond-expr","locations":[{"start":{"line":230,"column":37},"end":{"line":230,"column":57}},{"start":{"line":230,"column":60},"end":{"line":230,"column":84}}]}},"s":{"0":1,"1":1,"2":1,"3":3,"4":3,"5":3,"6":3,"7":3,"8":3,"9":2,"10":2,"11":1,"12":2,"13":1,"14":1,"15":1,"16":1,"17":2,"18":1,"19":2,"20":1,"21":2,"22":2,"23":2,"24":2,"25":1,"26":1,"27":1,"28":1,"29":1,"30":1,"31":0,"32":0,"33":0,"34":0,"35":0,"36":0,"37":0,"38":0,"39":0,"40":0,"41":0,"42":0,"43":0,"44":1,"45":1,"46":0,"47":0,"48":0,"49":0,"50":0,"51":0,"52":0,"53":0,"54":0,"55":0,"56":0,"57":0,"58":0,"59":0,"60":0,"61":1,"62":1,"63":3,"64":3,"65":3,"66":3,"67":3,"68":3,"69":1,"70":1,"71":2,"72":2,"73":1,"74":1,"75":1,"76":1,"77":1,"78":2,"79":0,"80":0,"81":1,"82":1,"83":1,"84":1,"85":1,"86":1,"87":2,"88":1,"89":0,"90":0,"91":1},"f":{"0":3,"1":2,"2":2,"3":2,"4":2,"5":0,"6":0,"7":3,"8":1,"9":2},"b":{"0":[3,3],"1":[3,3],"2":[1,1],"3":[2,1],"4":[2,1],"5":[0],"6":[0],"7":[0,0],"8":[0,0],"9":[0],"10":[0,0],"11":[0],"12":[0,0],"13":[1],"14":[1,1],"15":[2,0]}}
,"D:\\MCA\\Flutter\\stream_sync_lite\\backend\\src\\middleware\\auth.middleware.ts": {"path":"D:\\MCA\\Flutter\\stream_sync_lite\\backend\\src\\middleware\\auth.middleware.ts","statementMap":{"0":{"start":{"line":2,"column":0},"end":{"line":2,"column":49}},"1":{"start":{"line":15,"column":30},"end":{"line":50,"column":1}},"2":{"start":{"line":20,"column":2},"end":{"line":49,"column":3}},"3":{"start":{"line":21,"column":23},"end":{"line":21,"column":48}},"4":{"start":{"line":23,"column":4},"end":{"line":29,"column":5}},"5":{"start":{"line":24,"column":6},"end":{"line":27,"column":9}},"6":{"start":{"line":28,"column":6},"end":{"line":28,"column":13}},"7":{"start":{"line":31,"column":18},"end":{"line":31,"column":41}},"8":{"start":{"line":33,"column":4},"end":{"line":43,"column":5}},"9":{"start":{"line":34,"column":22},"end":{"line":34,"column":46}},"10":{"start":{"line":35,"column":6},"end":{"line":35,"column":25}},"11":{"start":{"line":36,"column":6},"end":{"line":36,"column":13}},"12":{"start":{"line":38,"column":6},"end":{"line":41,"column":9}},"13":{"start":{"line":42,"column":6},"end":{"line":42,"column":13}},"14":{"start":{"line":45,"column":4},"end":{"line":48,"column":7}},"15":{"start":{"line":15,"column":13},"end":{"line":15,"column":30}},"16":{"start":{"line":55,"column":31},"end":{"line":77,"column":1}},"17":{"start":{"line":60,"column":2},"end":{"line":66,"column":3}},"18":{"start":{"line":61,"column":4},"end":{"line":64,"column":7}},"19":{"start":{"line":65,"column":4},"end":{"line":65,"column":11}},"20":{"start":{"line":68,"column":2},"end":{"line":74,"column":3}},"21":{"start":{"line":69,"column":4},"end":{"line":72,"column":7}},"22":{"start":{"line":73,"column":4},"end":{"line":73,"column":11}},"23":{"start":{"line":76,"column":2},"end":{"line":76,"column":9}},"24":{"start":{"line":55,"column":13},"end":{"line":55,"column":31}}},"fnMap":{"0":{"name":"(anonymous_0)","decl":{"start":{"line":15,"column":30},"end":{"line":15,"column":null}},"loc":{"start":{"line":19,"column":10},"end":{"line":50,"column":1}}},"1":{"name":"(anonymous_1)","decl":{"start":{"line":55,"column":31},"end":{"line":55,"column":null}},"loc":{"start":{"line":59,"column":10},"end":{"line":77,"column":1}}}},"branchMap":{"0":{"loc":{"start":{"line":23,"column":4},"end":{"line":29,"column":5}},"type":"if","locations":[{"start":{"line":23,"column":4},"end":{"line":29,"column":5}}]},"1":{"loc":{"start":{"line":23,"column":8},"end":{"line":23,"column":56}},"type":"binary-expr","locations":[{"start":{"line":23,"column":8},"end":{"line":23,"column":19}},{"start":{"line":23,"column":23},"end":{"line":23,"column":56}}]},"2":{"loc":{"start":{"line":60,"column":2},"end":{"line":66,"column":3}},"type":"if","locations":[{"start":{"line":60,"column":2},"end":{"line":66,"column":3}}]},"3":{"loc":{"start":{"line":68,"column":2},"end":{"line":74,"column":3}},"type":"if","locations":[{"start":{"line":68,"column":2},"end":{"line":74,"column":3}}]}},"s":{"0":0,"1":0,"2":0,"3":0,"4":0,"5":0,"6":0,"7":0,"8":0,"9":0,"10":0,"11":0,"12":0,"13":0,"14":0,"15":0,"16":0,"17":0,"18":0,"19":0,"20":0,"21":0,"22":0,"23":0,"24":0},"f":{"0":0,"1":0},"b":{"0":[0],"1":[0,0],"2":[0],"3":[0]}}
,"D:\\MCA\\Flutter\\stream_sync_lite\\backend\\src\\models\\FCMToken.ts": {"path":"D:\\MCA\\Flutter\\stream_sync_lite\\backend\\src\\models\\FCMToken.ts","statementMap":{"0":{"start":{"line":1,"column":0},"end":{"line":1,"column":55}},"1":{"start":{"line":2,"column":0},"end":{"line":2,"column":43}},"2":{"start":{"line":4,"column":0},"end":{"line":4,"column":null}},"3":{"start":{"line":5,"column":2},"end":{"line":5,"column":null}},"4":{"start":{"line":6,"column":2},"end":{"line":6,"column":null}},"5":{"start":{"line":7,"column":2},"end":{"line":7,"column":null}},"6":{"start":{"line":30,"column":0},"end":{"line":82,"column":2}},"7":{"start":{"line":84,"column":0},"end":{"line":84,"column":24}}},"fnMap":{"0":{"name":"(anonymous_1)","decl":{"start":{"line":4,"column":0},"end":{"line":4,"column":12}},"loc":{"start":{"line":4,"column":20},"end":{"line":8,"column":1}}}},"branchMap":{"0":{"loc":{"start":{"line":4,"column":12},"end":{"line":4,"column":null}},"type":"binary-expr","locations":[{"start":{"line":4,"column":12},"end":{"line":4,"column":20}},{"start":{"line":4,"column":20},"end":{"line":4,"column":null}}]}},"s":{"0":1,"1":1,"2":1,"3":1,"4":1,"5":1,"6":1,"7":1},"f":{"0":1},"b":{"0":[1,1]}}
,"D:\\MCA\\Flutter\\stream_sync_lite\\backend\\src\\models\\Notification.ts": {"path":"D:\\MCA\\Flutter\\stream_sync_lite\\backend\\src\\models\\Notification.ts","statementMap":{"0":{"start":{"line":1,"column":0},"end":{"line":1,"column":55}},"1":{"start":{"line":2,"column":0},"end":{"line":2,"column":43}},"2":{"start":{"line":36,"column":0},"end":{"line":92,"column":2}},"3":{"start":{"line":94,"column":0},"end":{"line":94,"column":28}}},"fnMap":{},"branchMap":{},"s":{"0":1,"1":1,"2":1,"3":1},"f":{},"b":{}}
,"D:\\MCA\\Flutter\\stream_sync_lite\\backend\\src\\models\\User.ts": {"path":"D:\\MCA\\Flutter\\stream_sync_lite\\backend\\src\\models\\User.ts","statementMap":{"0":{"start":{"line":1,"column":0},"end":{"line":1,"column":55}},"1":{"start":{"line":2,"column":0},"end":{"line":2,"column":43}},"2":{"start":{"line":3,"column":0},"end":{"line":3,"column":28}},"3":{"start":{"line":5,"column":0},"end":{"line":5,"column":null}},"4":{"start":{"line":6,"column":2},"end":{"line":6,"column":null}},"5":{"start":{"line":7,"column":2},"end":{"line":7,"column":null}},"6":{"start":{"line":33,"column":4},"end":{"line":33,"column":56}},"7":{"start":{"line":38,"column":23},"end":{"line":38,"column":25}},"8":{"start":{"line":39,"column":4},"end":{"line":39,"column":45}},"9":{"start":{"line":44,"column":54},"end":{"line":44,"column":67}},"10":{"start":{"line":45,"column":4},"end":{"line":45,"column":31}},"11":{"start":{"line":49,"column":0},"end":{"line":93,"column":2}},"12":{"start":{"line":95,"column":0},"end":{"line":95,"column":20}}},"fnMap":{"0":{"name":"(anonymous_1)","decl":{"start":{"line":5,"column":0},"end":{"line":5,"column":12}},"loc":{"start":{"line":5,"column":20},"end":{"line":8,"column":1}}},"1":{"name":"(anonymous_2)","decl":{"start":{"line":32,"column":9},"end":{"line":32,"column":14}},"loc":{"start":{"line":32,"column":47},"end":{"line":34,"column":3}}},"2":{"name":"(anonymous_3)","decl":{"start":{"line":37,"column":9},"end":{"line":37,"column":15}},"loc":{"start":{"line":37,"column":51},"end":{"line":40,"column":3}}},"3":{"name":"(anonymous_4)","decl":{"start":{"line":43,"column":9},"end":{"line":43,"column":19}},"loc":{"start":{"line":43,"column":19},"end":{"line":46,"column":3}}}},"branchMap":{"0":{"loc":{"start":{"line":5,"column":12},"end":{"line":5,"column":null}},"type":"binary-expr","locations":[{"start":{"line":5,"column":12},"end":{"line":5,"column":20}},{"start":{"line":5,"column":20},"end":{"line":5,"column":null}}]}},"s":{"0":1,"1":1,"2":1,"3":1,"4":1,"5":1,"6":0,"7":0,"8":0,"9":0,"10":0,"11":1,"12":1},"f":{"0":1,"1":0,"2":0,"3":0},"b":{"0":[1,1]}}
,"D:\\MCA\\Flutter\\stream_sync_lite\\backend\\src\\models\\Video.ts": {"path":"D:\\MCA\\Flutter\\stream_sync_lite\\backend\\src\\models\\Video.ts","statementMap":{"0":{"start":{"line":1,"column":0},"end":{"line":1,"column":55}},"1":{"start":{"line":2,"column":0},"end":{"line":2,"column":43}},"2":{"start":{"line":36,"column":0},"end":{"line":89,"column":2}},"3":{"start":{"line":91,"column":0},"end":{"line":91,"column":21}}},"fnMap":{},"branchMap":{},"s":{"0":1,"1":1,"2":1,"3":1},"f":{},"b":{}}
,"D:\\MCA\\Flutter\\stream_sync_lite\\backend\\src\\models\\VideoProgress.ts": {"path":"D:\\MCA\\Flutter\\stream_sync_lite\\backend\\src\\models\\VideoProgress.ts","statementMap":{"0":{"start":{"line":1,"column":0},"end":{"line":1,"column":55}},"1":{"start":{"line":2,"column":0},"end":{"line":2,"column":43}},"2":{"start":{"line":26,"column":0},"end":{"line":74,"column":2}},"3":{"start":{"line":76,"column":0},"end":{"line":76,"column":29}}},"fnMap":{},"branchMap":{},"s":{"0":1,"1":1,"2":1,"3":1},"f":{},"b":{}}
,"D:\\MCA\\Flutter\\stream_sync_lite\\backend\\src\\models\\index.ts": {"path":"D:\\MCA\\Flutter\\stream_sync_lite\\backend\\src\\models\\index.ts","statementMap":{"0":{"start":{"line":1,"column":0},"end":{"line":1,"column":7}},"1":{"start":{"line":48,"column":9},"end":{"line":1,"column":26}},"2":{"start":{"line":2,"column":0},"end":{"line":2,"column":7}},"3":{"start":{"line":48,"column":15},"end":{"line":2,"column":34}},"4":{"start":{"line":3,"column":0},"end":{"line":3,"column":7}},"5":{"start":{"line":48,"column":25},"end":{"line":3,"column":28}},"6":{"start":{"line":4,"column":0},"end":{"line":4,"column":7}},"7":{"start":{"line":48,"column":32},"end":{"line":4,"column":42}},"8":{"start":{"line":5,"column":0},"end":{"line":5,"column":7}},"9":{"start":{"line":48,"column":46},"end":{"line":5,"column":44}},"10":{"start":{"line":8,"column":0},"end":{"line":11,"column":3}},"11":{"start":{"line":13,"column":0},"end":{"line":16,"column":3}},"12":{"start":{"line":18,"column":0},"end":{"line":21,"column":3}},"13":{"start":{"line":23,"column":0},"end":{"line":26,"column":3}},"14":{"start":{"line":28,"column":0},"end":{"line":31,"column":3}},"15":{"start":{"line":33,"column":0},"end":{"line":36,"column":3}},"16":{"start":{"line":38,"column":0},"end":{"line":41,"column":3}},"17":{"start":{"line":43,"column":0},"end":{"line":46,"column":3}}},"fnMap":{},"branchMap":{},"s":{"0":1,"1":1,"2":1,"3":1,"4":1,"5":1,"6":1,"7":1,"8":1,"9":1,"10":1,"11":1,"12":1,"13":1,"14":1,"15":1,"16":1,"17":1},"f":{},"b":{}}
,"D:\\MCA\\Flutter\\stream_sync_lite\\backend\\src\\routes\\auth.routes.ts": {"path":"D:\\MCA\\Flutter\\stream_sync_lite\\backend\\src\\routes\\auth.routes.ts","statementMap":{"0":{"start":{"line":1,"column":0},"end":{"line":1,"column":33}},"1":{"start":{"line":2,"column":0},"end":{"line":2,"column":78}},"2":{"start":{"line":3,"column":0},"end":{"line":3,"column":63}},"3":{"start":{"line":5,"column":15},"end":{"line":5,"column":23}},"4":{"start":{"line":12,"column":0},"end":{"line":12,"column":35}},"5":{"start":{"line":19,"column":0},"end":{"line":19,"column":29}},"6":{"start":{"line":26,"column":0},"end":{"line":26,"column":33}},"7":{"start":{"line":33,"column":0},"end":{"line":33,"column":38}},"8":{"start":{"line":35,"column":0},"end":{"line":35,"column":22}}},"fnMap":{},"branchMap":{},"s":{"0":0,"1":0,"2":0,"3":0,"4":0,"5":0,"6":0,"7":0,"8":0},"f":{},"b":{}}
,"D:\\MCA\\Flutter\\stream_sync_lite\\backend\\src\\routes\\fcm.routes.ts": {"path":"D:\\MCA\\Flutter\\stream_sync_lite\\backend\\src\\routes\\fcm.routes.ts","statementMap":{"0":{"start":{"line":1,"column":0},"end":{"line":1,"column":33}},"1":{"start":{"line":2,"column":0},"end":{"line":2,"column":null}},"2":{"start":{"line":8,"column":0},"end":{"line":8,"column":93}},"3":{"start":{"line":10,"column":15},"end":{"line":10,"column":23}},"4":{"start":{"line":17,"column":0},"end":{"line":17,"column":59}},"5":{"start":{"line":24,"column":0},"end":{"line":24,"column":65}},"6":{"start":{"line":31,"column":0},"end":{"line":31,"column":72}},"7":{"start":{"line":38,"column":0},"end":{"line":71,"column":3}},"8":{"start":{"line":39,"column":2},"end":{"line":70,"column":3}},"9":{"start":{"line":40,"column":4},"end":{"line":45,"column":5}},"10":{"start":{"line":41,"column":6},"end":{"line":44,"column":9}},"11":{"start":{"line":47,"column":28},"end":{"line":47,"column":36}},"12":{"start":{"line":49,"column":4},"end":{"line":54,"column":5}},"13":{"start":{"line":50,"column":6},"end":{"line":53,"column":9}},"14":{"start":{"line":57,"column":19},"end":{"line":57,"column":68}},"15":{"start":{"line":59,"column":4},"end":{"line":63,"column":7}},"16":{"start":{"line":65,"column":4},"end":{"line":65,"column":50}},"17":{"start":{"line":66,"column":4},"end":{"line":69,"column":7}},"18":{"start":{"line":73,"column":0},"end":{"line":73,"column":22}}},"fnMap":{"0":{"name":"(anonymous_0)","decl":{"start":{"line":38,"column":42},"end":{"line":38,"column":47}},"loc":{"start":{"line":38,"column":74},"end":{"line":71,"column":1}}}},"branchMap":{"0":{"loc":{"start":{"line":40,"column":4},"end":{"line":45,"column":5}},"type":"if","locations":[{"start":{"line":40,"column":4},"end":{"line":45,"column":5}}]},"1":{"loc":{"start":{"line":49,"column":4},"end":{"line":54,"column":5}},"type":"if","locations":[{"start":{"line":49,"column":4},"end":{"line":54,"column":5}}]},"2":{"loc":{"start":{"line":49,"column":8},"end":{"line":49,"column":23}},"type":"binary-expr","locations":[{"start":{"line":49,"column":8},"end":{"line":49,"column":14}},{"start":{"line":49,"column":18},"end":{"line":49,"column":23}}]},"3":{"loc":{"start":{"line":68,"column":15},"end":{"line":68,"column":66}},"type":"binary-expr","locations":[{"start":{"line":68,"column":15},"end":{"line":68,"column":28}},{"start":{"line":68,"column":32},"end":{"line":68,"column":66}}]}},"s":{"0":0,"1":0,"2":0,"3":0,"4":0,"5":0,"6":0,"7":0,"8":0,"9":0,"10":0,"11":0,"12":0,"13":0,"14":0,"15":0,"16":0,"17":0,"18":0},"f":{"0":0},"b":{"0":[0],"1":[0],"2":[0,0],"3":[0,0]}}
,"D:\\MCA\\Flutter\\stream_sync_lite\\backend\\src\\routes\\index.ts": {"path":"D:\\MCA\\Flutter\\stream_sync_lite\\backend\\src\\routes\\index.ts","statementMap":{"0":{"start":{"line":1,"column":0},"end":{"line":1,"column":33}},"1":{"start":{"line":2,"column":0},"end":{"line":2,"column":39}},"2":{"start":{"line":3,"column":0},"end":{"line":3,"column":37}},"3":{"start":{"line":4,"column":0},"end":{"line":4,"column":41}},"4":{"start":{"line":5,"column":0},"end":{"line":5,"column":55}},"5":{"start":{"line":7,"column":15},"end":{"line":7,"column":23}},"6":{"start":{"line":10,"column":0},"end":{"line":16,"column":3}},"7":{"start":{"line":11,"column":2},"end":{"line":15,"column":5}},"8":{"start":{"line":19,"column":0},"end":{"line":19,"column":32}},"9":{"start":{"line":20,"column":0},"end":{"line":20,"column":30}},"10":{"start":{"line":21,"column":0},"end":{"line":21,"column":35}},"11":{"start":{"line":22,"column":0},"end":{"line":22,"column":49}},"12":{"start":{"line":24,"column":0},"end":{"line":24,"column":22}}},"fnMap":{"0":{"name":"(anonymous_1)","decl":{"start":{"line":10,"column":22},"end":{"line":10,"column":23}},"loc":{"start":{"line":10,"column":35},"end":{"line":16,"column":1}}}},"branchMap":{},"s":{"0":0,"1":0,"2":0,"3":0,"4":0,"5":0,"6":0,"7":0,"8":0,"9":0,"10":0,"11":0,"12":0},"f":{"0":0},"b":{}}
,"D:\\MCA\\Flutter\\stream_sync_lite\\backend\\src\\routes\\notification.routes.ts": {"path":"D:\\MCA\\Flutter\\stream_sync_lite\\backend\\src\\routes\\notification.routes.ts","statementMap":{"0":{"start":{"line":1,"column":0},"end":{"line":1,"column":33}},"1":{"start":{"line":2,"column":0},"end":{"line":2,"column":null}},"2":{"start":{"line":10,"column":0},"end":{"line":10,"column":80}},"3":{"start":{"line":12,"column":15},"end":{"line":12,"column":23}},"4":{"start":{"line":15,"column":0},"end":{"line":15,"column":27}},"5":{"start":{"line":17,"column":0},"end":{"line":17,"column":34}},"6":{"start":{"line":18,"column":0},"end":{"line":18,"column":35}},"7":{"start":{"line":19,"column":0},"end":{"line":19,"column":45}},"8":{"start":{"line":20,"column":0},"end":{"line":20,"column":37}},"9":{"start":{"line":21,"column":0},"end":{"line":21,"column":42}},"10":{"start":{"line":24,"column":0},"end":{"line":24,"column":54}},"11":{"start":{"line":26,"column":0},"end":{"line":26,"column":22}}},"fnMap":{},"branchMap":{},"s":{"0":0,"1":0,"2":0,"3":0,"4":0,"5":0,"6":0,"7":0,"8":0,"9":0,"10":0,"11":0},"f":{},"b":{}}
,"D:\\MCA\\Flutter\\stream_sync_lite\\backend\\src\\routes\\video.routes.ts": {"path":"D:\\MCA\\Flutter\\stream_sync_lite\\backend\\src\\routes\\video.routes.ts","statementMap":{"0":{"start":{"line":1,"column":0},"end":{"line":1,"column":33}},"1":{"start":{"line":2,"column":0},"end":{"line":2,"column":null}},"2":{"start":{"line":9,"column":0},"end":{"line":9,"column":63}},"3":{"start":{"line":11,"column":15},"end":{"line":11,"column":23}},"4":{"start":{"line":14,"column":0},"end":{"line":14,"column":27}},"5":{"start":{"line":17,"column":0},"end":{"line":17,"column":55}},"6":{"start":{"line":18,"column":0},"end":{"line":18,"column":33}},"7":{"start":{"line":19,"column":0},"end":{"line":19,"column":66}},"8":{"start":{"line":20,"column":0},"end":{"line":20,"column":61}},"9":{"start":{"line":22,"column":0},"end":{"line":22,"column":22}}},"fnMap":{},"branchMap":{},"s":{"0":0,"1":0,"2":0,"3":0,"4":0,"5":0,"6":0,"7":0,"8":0,"9":0},"f":{},"b":{}}
,"D:\\MCA\\Flutter\\stream_sync_lite\\backend\\src\\scripts\\fetch-youtube-videos.ts": {"path":"D:\\MCA\\Flutter\\stream_sync_lite\\backend\\src\\scripts\\fetch-youtube-videos.ts","statementMap":{"0":{"start":{"line":108,"column":0},"end":{"line":108,"column":7}},"1":{"start":{"line":1,"column":0},"end":{"line":1,"column":26}},"2":{"start":{"line":2,"column":0},"end":{"line":2,"column":34}},"3":{"start":{"line":4,"column":0},"end":{"line":4,"column":27}},"4":{"start":{"line":6,"column":24},"end":{"line":6,"column":51}},"5":{"start":{"line":13,"column":35},"end":{"line":24,"column":2}},"6":{"start":{"line":27,"column":2},"end":{"line":48,"column":3}},"7":{"start":{"line":28,"column":21},"end":{"line":38,"column":null}},"8":{"start":{"line":41,"column":4},"end":{"line":43,"column":5}},"9":{"start":{"line":42,"column":6},"end":{"line":42,"column":54}},"10":{"start":{"line":44,"column":4},"end":{"line":44,"column":16}},"11":{"start":{"line":46,"column":4},"end":{"line":46,"column":69}},"12":{"start":{"line":47,"column":4},"end":{"line":47,"column":16}},"13":{"start":{"line":52,"column":2},"end":{"line":71,"column":3}},"14":{"start":{"line":53,"column":21},"end":{"line":64,"column":null}},"15":{"start":{"line":67,"column":4},"end":{"line":67,"column":37}},"16":{"start":{"line":69,"column":4},"end":{"line":69,"column":76}},"17":{"start":{"line":70,"column":4},"end":{"line":70,"column":14}},"18":{"start":{"line":75,"column":2},"end":{"line":91,"column":3}},"19":{"start":{"line":76,"column":21},"end":{"line":84,"column":null}},"20":{"start":{"line":87,"column":4},"end":{"line":87,"column":37}},"21":{"start":{"line":89,"column":4},"end":{"line":89,"column":58}},"22":{"start":{"line":90,"column":4},"end":{"line":90,"column":14}},"23":{"start":{"line":95,"column":16},"end":{"line":95,"column":69}},"24":{"start":{"line":96,"column":2},"end":{"line":96,"column":28}},"25":{"start":{"line":96,"column":14},"end":{"line":96,"column":28}},"26":{"start":{"line":98,"column":16},"end":{"line":98,"column":41}},"27":{"start":{"line":99,"column":18},"end":{"line":99,"column":43}},"28":{"start":{"line":100,"column":18},"end":{"line":100,"column":43}},"29":{"start":{"line":102,"column":2},"end":{"line":104,"column":3}},"30":{"start":{"line":103,"column":4},"end":{"line":103,"column":100}},"31":{"start":{"line":105,"column":2},"end":{"line":105,"column":61}},"32":{"start":{"line":109,"column":2},"end":{"line":109,"column":63}},"33":{"start":{"line":111,"column":27},"end":{"line":111,"column":29}},"34":{"start":{"line":113,"column":2},"end":{"line":157,"column":3}},"35":{"start":{"line":114,"column":4},"end":{"line":114,"column":72}},"36":{"start":{"line":117,"column":22},"end":{"line":117,"column":66}},"37":{"start":{"line":118,"column":4},"end":{"line":121,"column":5}},"38":{"start":{"line":119,"column":6},"end":{"line":119,"column":51}},"39":{"start":{"line":120,"column":6},"end":{"line":120,"column":15}},"40":{"start":{"line":124,"column":19},"end":{"line":124,"column":55}},"41":{"start":{"line":125,"column":4},"end":{"line":128,"column":5}},"42":{"start":{"line":126,"column":6},"end":{"line":126,"column":46}},"43":{"start":{"line":127,"column":6},"end":{"line":127,"column":15}},"44":{"start":{"line":131,"column":21},"end":{"line":131,"column":57}},"45":{"start":{"line":131,"column":44},"end":{"line":131,"column":56}},"46":{"start":{"line":132,"column":25},"end":{"line":132,"column":56}},"47":{"start":{"line":135,"column":4},"end":{"line":151,"column":5}},"48":{"start":{"line":135,"column":17},"end":{"line":135,"column":18}},"49":{"start":{"line":136,"column":20},"end":{"line":136,"column":29}},"50":{"start":{"line":137,"column":22},"end":{"line":137,"column":78}},"51":{"start":{"line":137,"column":52},"end":{"line":137,"column":77}},"52":{"start":{"line":139,"column":6},"end":{"line":150,"column":9}},"53":{"start":{"line":153,"column":4},"end":{"line":153,"column":60}},"54":{"start":{"line":156,"column":4},"end":{"line":156,"column":62}},"55":{"start":{"line":156,"column":35},"end":{"line":156,"column":60}},"56":{"start":{"line":159,"column":2},"end":{"line":159,"column":64}},"57":{"start":{"line":160,"column":2},"end":{"line":160,"column":44}},"58":{"start":{"line":163,"column":2},"end":{"line":180,"column":3}},"59":{"start":{"line":164,"column":4},"end":{"line":179,"column":5}},"60":{"start":{"line":165,"column":6},"end":{"line":175,"column":9}},"61":{"start":{"line":176,"column":6},"end":{"line":176,"column":72}},"62":{"start":{"line":178,"column":6},"end":{"line":178,"column":74}},"63":{"start":{"line":182,"column":2},"end":{"line":182,"column":54}},"64":{"start":{"line":186,"column":0},"end":{"line":195,"column":1}},"65":{"start":{"line":187,"column":2},"end":{"line":194,"column":7}},"66":{"start":{"line":188,"column":22},"end":{"line":188,"column":59}},"67":{"start":{"line":189,"column":32},"end":{"line":189,"column":61}},"68":{"start":{"line":191,"column":4},"end":{"line":191,"column":28}},"69":{"start":{"line":192,"column":4},"end":{"line":192,"column":38}},"70":{"start":{"line":193,"column":4},"end":{"line":193,"column":28}}},"fnMap":{"0":{"name":"getChannelIdFromHandle","decl":{"start":{"line":26,"column":15},"end":{"line":26,"column":37}},"loc":{"start":{"line":26,"column":52},"end":{"line":49,"column":1}}},"1":{"name":"getChannelVideos","decl":{"start":{"line":51,"column":15},"end":{"line":51,"column":31}},"loc":{"start":{"line":51,"column":73},"end":{"line":72,"column":1}}},"2":{"name":"getVideoDetails","decl":{"start":{"line":74,"column":15},"end":{"line":74,"column":30}},"loc":{"start":{"line":74,"column":49},"end":{"line":92,"column":1}}},"3":{"name":"parseDuration","decl":{"start":{"line":94,"column":9},"end":{"line":94,"column":22}},"loc":{"start":{"line":94,"column":39},"end":{"line":106,"column":1}}},"4":{"name":"fetchAndSeedYouTubeVideos","decl":{"start":{"line":108,"column":22},"end":{"line":108,"column":47}},"loc":{"start":{"line":108,"column":47},"end":{"line":183,"column":1}}},"5":{"name":"(anonymous_6)","decl":{"start":{"line":131,"column":32},"end":{"line":131,"column":33}},"loc":{"start":{"line":131,"column":44},"end":{"line":131,"column":56}}},"6":{"name":"(anonymous_7)","decl":{"start":{"line":137,"column":40},"end":{"line":137,"column":41}},"loc":{"start":{"line":137,"column":52},"end":{"line":137,"column":77}}},"7":{"name":"(anonymous_8)","decl":{"start":{"line":156,"column":22},"end":{"line":156,"column":23}},"loc":{"start":{"line":156,"column":35},"end":{"line":156,"column":60}}},"8":{"name":"(anonymous_9)","decl":{"start":{"line":187,"column":3},"end":{"line":187,"column":8}},"loc":{"start":{"line":187,"column":14},"end":{"line":194,"column":3}}}},"branchMap":{"0":{"loc":{"start":{"line":41,"column":4},"end":{"line":43,"column":5}},"type":"if","locations":[{"start":{"line":41,"column":4},"end":{"line":43,"column":5}}]},"1":{"loc":{"start":{"line":41,"column":8},"end":{"line":41,"column":61}},"type":"binary-expr","locations":[{"start":{"line":41,"column":8},"end":{"line":41,"column":27}},{"start":{"line":41,"column":31},"end":{"line":41,"column":61}}]},"2":{"loc":{"start":{"line":51,"column":51},"end":{"line":51,"column":73}},"type":"default-arg","locations":[{"start":{"line":51,"column":72},"end":{"line":51,"column":73}}]},"3":{"loc":{"start":{"line":67,"column":11},"end":{"line":67,"column":36}},"type":"binary-expr","locations":[{"start":{"line":67,"column":11},"end":{"line":67,"column":30}},{"start":{"line":67,"column":34},"end":{"line":67,"column":36}}]},"4":{"loc":{"start":{"line":87,"column":11},"end":{"line":87,"column":36}},"type":"binary-expr","locations":[{"start":{"line":87,"column":11},"end":{"line":87,"column":30}},{"start":{"line":87,"column":34},"end":{"line":87,"column":36}}]},"5":{"loc":{"start":{"line":96,"column":2},"end":{"line":96,"column":28}},"type":"if","locations":[{"start":{"line":96,"column":2},"end":{"line":96,"column":28}}]},"6":{"loc":{"start":{"line":98,"column":25},"end":{"line":98,"column":40}},"type":"binary-expr","locations":[{"start":{"line":98,"column":25},"end":{"line":98,"column":33}},{"start":{"line":98,"column":37},"end":{"line":98,"column":40}}]},"7":{"loc":{"start":{"line":99,"column":27},"end":{"line":99,"column":42}},"type":"binary-expr","locations":[{"start":{"line":99,"column":27},"end":{"line":99,"column":35}},{"start":{"line":99,"column":39},"end":{"line":99,"column":42}}]},"8":{"loc":{"start":{"line":100,"column":27},"end":{"line":100,"column":42}},"type":"binary-expr","locations":[{"start":{"line":100,"column":27},"end":{"line":100,"column":35}},{"start":{"line":100,"column":39},"end":{"line":100,"column":42}}]},"9":{"loc":{"start":{"line":102,"column":2},"end":{"line":104,"column":3}},"type":"if","locations":[{"start":{"line":102,"column":2},"end":{"line":104,"column":3}}]},"10":{"loc":{"start":{"line":118,"column":4},"end":{"line":121,"column":5}},"type":"if","locations":[{"start":{"line":118,"column":4},"end":{"line":121,"column":5}}]},"11":{"loc":{"start":{"line":125,"column":4},"end":{"line":128,"column":5}},"type":"if","locations":[{"start":{"line":125,"column":4},"end":{"line":128,"column":5}}]},"12":{"loc":{"start":{"line":143,"column":22},"end":{"line":143,"column":96}},"type":"binary-expr","locations":[{"start":{"line":143,"column":22},"end":{"line":143,"column":56}},{"start":{"line":143,"column":60},"end":{"line":143,"column":96}}]},"13":{"loc":{"start":{"line":145,"column":18},"end":{"line":145,"column":83}},"type":"cond-expr","locations":[{"start":{"line":145,"column":28},"end":{"line":145,"column":74}},{"start":{"line":145,"column":77},"end":{"line":145,"column":83}}]},"14":{"loc":{"start":{"line":148,"column":19},"end":{"line":148,"column":78}},"type":"cond-expr","locations":[{"start":{"line":148,"column":29},"end":{"line":148,"column":74}},{"start":{"line":148,"column":77},"end":{"line":148,"column":78}}]},"15":{"loc":{"start":{"line":148,"column":38},"end":{"line":148,"column":73}},"type":"binary-expr","locations":[{"start":{"line":148,"column":38},"end":{"line":148,"column":66}},{"start":{"line":148,"column":70},"end":{"line":148,"column":73}}]},"16":{"loc":{"start":{"line":149,"column":19},"end":{"line":149,"column":78}},"type":"cond-expr","locations":[{"start":{"line":149,"column":29},"end":{"line":149,"column":74}},{"start":{"line":149,"column":77},"end":{"line":149,"column":78}}]},"17":{"loc":{"start":{"line":149,"column":38},"end":{"line":149,"column":73}},"type":"binary-expr","locations":[{"start":{"line":149,"column":38},"end":{"line":149,"column":66}},{"start":{"line":149,"column":70},"end":{"line":149,"column":73}}]},"18":{"loc":{"start":{"line":172,"column":21},"end":{"line":172,"column":48}},"type":"binary-expr","locations":[{"start":{"line":172,"column":21},"end":{"line":172,"column":42}},{"start":{"line":172,"column":46},"end":{"line":172,"column":48}}]},"19":{"loc":{"start":{"line":186,"column":0},"end":{"line":195,"column":1}},"type":"if","locations":[{"start":{"line":186,"column":0},"end":{"line":195,"column":1}}]}},"s":{"0":0,"1":0,"2":0,"3":0,"4":0,"5":0,"6":0,"7":0,"8":0,"9":0,"10":0,"11":0,"12":0,"13":0,"14":0,"15":0,"16":0,"17":0,"18":0,"19":0,"20":0,"21":0,"22":0,"23":0,"24":0,"25":0,"26":0,"27":0,"28":0,"29":0,"30":0,"31":0,"32":0,"33":0,"34":0,"35":0,"36":0,"37":0,"38":0,"39":0,"40":0,"41":0,"42":0,"43":0,"44":0,"45":0,"46":0,"47":0,"48":0,"49":0,"50":0,"51":0,"52":0,"53":0,"54":0,"55":0,"56":0,"57":0,"58":0,"59":0,"60":0,"61":0,"62":0,"63":0,"64":0,"65":0,"66":0,"67":0,"68":0,"69":0,"70":0},"f":{"0":0,"1":0,"2":0,"3":0,"4":0,"5":0,"6":0,"7":0,"8":0},"b":{"0":[0],"1":[0,0],"2":[0],"3":[0,0],"4":[0,0],"5":[0],"6":[0,0],"7":[0,0],"8":[0,0],"9":[0],"10":[0],"11":[0],"12":[0,0],"13":[0,0],"14":[0,0],"15":[0,0],"16":[0,0],"17":[0,0],"18":[0,0],"19":[0]}}
,"D:\\MCA\\Flutter\\stream_sync_lite\\backend\\src\\services\\fcm.service.ts": {"path":"D:\\MCA\\Flutter\\stream_sync_lite\\backend\\src\\services\\fcm.service.ts","statementMap":{"0":{"start":{"line":3,"column":0},"end":{"line":3,"column":37}},"1":{"start":{"line":4,"column":0},"end":{"line":4,"column":64}},"2":{"start":{"line":5,"column":0},"end":{"line":5,"column":81}},"3":{"start":{"line":11,"column":29},"end":{"line":67,"column":1}},"4":{"start":{"line":17,"column":2},"end":{"line":19,"column":3}},"5":{"start":{"line":18,"column":4},"end":{"line":18,"column":51}},"6":{"start":{"line":22,"column":20},"end":{"line":24,"column":4}},"7":{"start":{"line":26,"column":2},"end":{"line":28,"column":3}},"8":{"start":{"line":27,"column":4},"end":{"line":27,"column":48}},"9":{"start":{"line":30,"column":20},"end":{"line":30,"column":42}},"10":{"start":{"line":31,"column":17},"end":{"line":31,"column":46}},"11":{"start":{"line":31,"column":38},"end":{"line":31,"column":45}},"12":{"start":{"line":34,"column":18},"end":{"line":41,"column":4}},"13":{"start":{"line":43,"column":19},"end":{"line":43,"column":64}},"14":{"start":{"line":46,"column":2},"end":{"line":61,"column":3}},"15":{"start":{"line":47,"column":37},"end":{"line":47,"column":39}},"16":{"start":{"line":48,"column":4},"end":{"line":52,"column":7}},"17":{"start":{"line":49,"column":6},"end":{"line":51,"column":7}},"18":{"start":{"line":50,"column":8},"end":{"line":50,"column":41}},"19":{"start":{"line":54,"column":4},"end":{"line":60,"column":5}},"20":{"start":{"line":55,"column":6},"end":{"line":59,"column":9}},"21":{"start":{"line":63,"column":2},"end":{"line":66,"column":4}},"22":{"start":{"line":11,"column":13},"end":{"line":11,"column":29}},"23":{"start":{"line":72,"column":28},"end":{"line":101,"column":1}},"24":{"start":{"line":77,"column":2},"end":{"line":100,"column":3}},"25":{"start":{"line":79,"column":26},"end":{"line":81,"column":6}},"26":{"start":{"line":83,"column":4},"end":{"line":96,"column":5}},"27":{"start":{"line":85,"column":6},"end":{"line":88,"column":7}},"28":{"start":{"line":86,"column":8},"end":{"line":86,"column":49}},"29":{"start":{"line":87,"column":8},"end":{"line":87,"column":35}},"30":{"start":{"line":91,"column":6},"end":{"line":95,"column":9}},"31":{"start":{"line":98,"column":4},"end":{"line":98,"column":52}},"32":{"start":{"line":99,"column":4},"end":{"line":99,"column":16}},"33":{"start":{"line":72,"column":13},"end":{"line":72,"column":28}},"34":{"start":{"line":107,"column":32},"end":{"line":146,"column":1}},"35":{"start":{"line":111,"column":2},"end":{"line":145,"column":3}},"36":{"start":{"line":112,"column":4},"end":{"line":118,"column":5}},"37":{"start":{"line":113,"column":6},"end":{"line":116,"column":9}},"38":{"start":{"line":117,"column":6},"end":{"line":117,"column":13}},"39":{"start":{"line":121,"column":29},"end":{"line":121,"column":62}},"40":{"start":{"line":122,"column":4},"end":{"line":128,"column":5}},"41":{"start":{"line":123,"column":6},"end":{"line":126,"column":9}},"42":{"start":{"line":127,"column":6},"end":{"line":127,"column":13}},"43":{"start":{"line":130,"column":32},"end":{"line":130,"column":37}},"44":{"start":{"line":132,"column":4},"end":{"line":132,"column":57}},"45":{"start":{"line":134,"column":4},"end":{"line":137,"column":7}},"46":{"start":{"line":139,"column":4},"end":{"line":139,"column":54}},"47":{"start":{"line":140,"column":4},"end":{"line":144,"column":7}},"48":{"start":{"line":107,"column":13},"end":{"line":107,"column":32}},"49":{"start":{"line":152,"column":34},"end":{"line":195,"column":1}},"50":{"start":{"line":156,"column":2},"end":{"line":194,"column":3}},"51":{"start":{"line":157,"column":4},"end":{"line":163,"column":5}},"52":{"start":{"line":158,"column":6},"end":{"line":161,"column":9}},"53":{"start":{"line":162,"column":6},"end":{"line":162,"column":13}},"54":{"start":{"line":165,"column":22},"end":{"line":165,"column":30}},"55":{"start":{"line":167,"column":4},"end":{"line":173,"column":5}},"56":{"start":{"line":168,"column":6},"end":{"line":171,"column":9}},"57":{"start":{"line":172,"column":6},"end":{"line":172,"column":13}},"58":{"start":{"line":176,"column":4},"end":{"line":181,"column":7}},"59":{"start":{"line":183,"column":4},"end":{"line":186,"column":7}},"60":{"start":{"line":188,"column":4},"end":{"line":188,"column":56}},"61":{"start":{"line":189,"column":4},"end":{"line":193,"column":7}},"62":{"start":{"line":152,"column":13},"end":{"line":152,"column":34}},"63":{"start":{"line":201,"column":32},"end":{"line":286,"column":1}},"64":{"start":{"line":205,"column":2},"end":{"line":285,"column":3}},"65":{"start":{"line":206,"column":4},"end":{"line":212,"column":5}},"66":{"start":{"line":207,"column":6},"end":{"line":210,"column":9}},"67":{"start":{"line":211,"column":6},"end":{"line":211,"column":13}},"68":{"start":{"line":214,"column":42},"end":{"line":214,"column":50}},"69":{"start":{"line":216,"column":4},"end":{"line":222,"column":5}},"70":{"start":{"line":217,"column":6},"end":{"line":220,"column":9}},"71":{"start":{"line":221,"column":6},"end":{"line":221,"column":13}},"72":{"start":{"line":225,"column":22},"end":{"line":227,"column":6}},"73":{"start":{"line":229,"column":4},"end":{"line":235,"column":5}},"74":{"start":{"line":230,"column":6},"end":{"line":233,"column":9}},"75":{"start":{"line":234,"column":6},"end":{"line":234,"column":13}},"76":{"start":{"line":237,"column":22},"end":{"line":237,"column":44}},"77":{"start":{"line":238,"column":19},"end":{"line":238,"column":48}},"78":{"start":{"line":238,"column":40},"end":{"line":238,"column":47}},"79":{"start":{"line":241,"column":20},"end":{"line":248,"column":6}},"80":{"start":{"line":250,"column":21},"end":{"line":250,"column":66}},"81":{"start":{"line":253,"column":4},"end":{"line":268,"column":5}},"82":{"start":{"line":254,"column":39},"end":{"line":254,"column":41}},"83":{"start":{"line":255,"column":6},"end":{"line":259,"column":9}},"84":{"start":{"line":256,"column":8},"end":{"line":258,"column":9}},"85":{"start":{"line":257,"column":10},"end":{"line":257,"column":43}},"86":{"start":{"line":261,"column":6},"end":{"line":267,"column":7}},"87":{"start":{"line":262,"column":8},"end":{"line":266,"column":11}},"88":{"start":{"line":270,"column":4},"end":{"line":277,"column":7}},"89":{"start":{"line":279,"column":4},"end":{"line":279,"column":53}},"90":{"start":{"line":280,"column":4},"end":{"line":284,"column":7}},"91":{"start":{"line":201,"column":13},"end":{"line":201,"column":32}}},"fnMap":{"0":{"name":"(anonymous_0)","decl":{"start":{"line":11,"column":29},"end":{"line":11,"column":34}},"loc":{"start":{"line":16,"column":61},"end":{"line":67,"column":1}}},"1":{"name":"(anonymous_1)","decl":{"start":{"line":31,"column":31},"end":{"line":31,"column":32}},"loc":{"start":{"line":31,"column":38},"end":{"line":31,"column":45}}},"2":{"name":"(anonymous_2)","decl":{"start":{"line":48,"column":31},"end":{"line":48,"column":32}},"loc":{"start":{"line":48,"column":45},"end":{"line":52,"column":5}}},"3":{"name":"(anonymous_3)","decl":{"start":{"line":72,"column":28},"end":{"line":72,"column":33}},"loc":{"start":{"line":76,"column":19},"end":{"line":101,"column":1}}},"4":{"name":"(anonymous_4)","decl":{"start":{"line":107,"column":32},"end":{"line":107,"column":37}},"loc":{"start":{"line":110,"column":19},"end":{"line":146,"column":1}}},"5":{"name":"(anonymous_5)","decl":{"start":{"line":152,"column":34},"end":{"line":152,"column":39}},"loc":{"start":{"line":155,"column":19},"end":{"line":195,"column":1}}},"6":{"name":"(anonymous_6)","decl":{"start":{"line":201,"column":32},"end":{"line":201,"column":37}},"loc":{"start":{"line":204,"column":19},"end":{"line":286,"column":1}}},"7":{"name":"(anonymous_7)","decl":{"start":{"line":238,"column":33},"end":{"line":238,"column":34}},"loc":{"start":{"line":238,"column":40},"end":{"line":238,"column":47}}},"8":{"name":"(anonymous_8)","decl":{"start":{"line":255,"column":33},"end":{"line":255,"column":34}},"loc":{"start":{"line":255,"column":47},"end":{"line":259,"column":7}}}},"branchMap":{"0":{"loc":{"start":{"line":17,"column":2},"end":{"line":19,"column":3}},"type":"if","locations":[{"start":{"line":17,"column":2},"end":{"line":19,"column":3}}]},"1":{"loc":{"start":{"line":26,"column":2},"end":{"line":28,"column":3}},"type":"if","locations":[{"start":{"line":26,"column":2},"end":{"line":28,"column":3}}]},"2":{"loc":{"start":{"line":39,"column":10},"end":{"line":39,"column":20}},"type":"binary-expr","locations":[{"start":{"line":39,"column":10},"end":{"line":39,"column":14}},{"start":{"line":39,"column":18},"end":{"line":39,"column":20}}]},"3":{"loc":{"start":{"line":46,"column":2},"end":{"line":61,"column":3}},"type":"if","locations":[{"start":{"line":46,"column":2},"end":{"line":61,"column":3}}]},"4":{"loc":{"start":{"line":49,"column":6},"end":{"line":51,"column":7}},"type":"if","locations":[{"start":{"line":49,"column":6},"end":{"line":51,"column":7}}]},"5":{"loc":{"start":{"line":54,"column":4},"end":{"line":60,"column":5}},"type":"if","locations":[{"start":{"line":54,"column":4},"end":{"line":60,"column":5}}]},"6":{"loc":{"start":{"line":83,"column":4},"end":{"line":96,"column":5}},"type":"if","locations":[{"start":{"line":83,"column":4},"end":{"line":96,"column":5}},{"start":{"line":89,"column":11},"end":{"line":96,"column":5}}]},"7":{"loc":{"start":{"line":85,"column":6},"end":{"line":88,"column":7}},"type":"if","locations":[{"start":{"line":85,"column":6},"end":{"line":88,"column":7}}]},"8":{"loc":{"start":{"line":112,"column":4},"end":{"line":118,"column":5}},"type":"if","locations":[{"start":{"line":112,"column":4},"end":{"line":118,"column":5}}]},"9":{"loc":{"start":{"line":122,"column":4},"end":{"line":128,"column":5}},"type":"if","locations":[{"start":{"line":122,"column":4},"end":{"line":128,"column":5}}]},"10":{"loc":{"start":{"line":157,"column":4},"end":{"line":163,"column":5}},"type":"if","locations":[{"start":{"line":157,"column":4},"end":{"line":163,"column":5}}]},"11":{"loc":{"start":{"line":167,"column":4},"end":{"line":173,"column":5}},"type":"if","locations":[{"start":{"line":167,"column":4},"end":{"line":173,"column":5}}]},"12":{"loc":{"start":{"line":206,"column":4},"end":{"line":212,"column":5}},"type":"if","locations":[{"start":{"line":206,"column":4},"end":{"line":212,"column":5}}]},"13":{"loc":{"start":{"line":216,"column":4},"end":{"line":222,"column":5}},"type":"if","locations":[{"start":{"line":216,"column":4},"end":{"line":222,"column":5}}]},"14":{"loc":{"start":{"line":216,"column":8},"end":{"line":216,"column":34}},"type":"binary-expr","locations":[{"start":{"line":216,"column":8},"end":{"line":216,"column":15}},{"start":{"line":216,"column":19},"end":{"line":216,"column":25}},{"start":{"line":216,"column":29},"end":{"line":216,"column":34}}]},"15":{"loc":{"start":{"line":229,"column":4},"end":{"line":235,"column":5}},"type":"if","locations":[{"start":{"line":229,"column":4},"end":{"line":235,"column":5}}]},"16":{"loc":{"start":{"line":246,"column":12},"end":{"line":246,"column":22}},"type":"binary-expr","locations":[{"start":{"line":246,"column":12},"end":{"line":246,"column":16}},{"start":{"line":246,"column":20},"end":{"line":246,"column":22}}]},"17":{"loc":{"start":{"line":253,"column":4},"end":{"line":268,"column":5}},"type":"if","locations":[{"start":{"line":253,"column":4},"end":{"line":268,"column":5}}]},"18":{"loc":{"start":{"line":256,"column":8},"end":{"line":258,"column":9}},"type":"if","locations":[{"start":{"line":256,"column":8},"end":{"line":258,"column":9}}]},"19":{"loc":{"start":{"line":261,"column":6},"end":{"line":267,"column":7}},"type":"if","locations":[{"start":{"line":261,"column":6},"end":{"line":267,"column":7}}]}},"s":{"0":1,"1":1,"2":1,"3":1,"4":0,"5":0,"6":0,"7":0,"8":0,"9":0,"10":0,"11":0,"12":0,"13":0,"14":0,"15":0,"16":0,"17":0,"18":0,"19":0,"20":0,"21":0,"22":1,"23":1,"24":0,"25":0,"26":0,"27":0,"28":0,"29":0,"30":0,"31":0,"32":0,"33":1,"34":1,"35":0,"36":0,"37":0,"38":0,"39":0,"40":0,"41":0,"42":0,"43":0,"44":0,"45":0,"46":0,"47":0,"48":1,"49":1,"50":0,"51":0,"52":0,"53":0,"54":0,"55":0,"56":0,"57":0,"58":0,"59":0,"60":0,"61":0,"62":1,"63":1,"64":0,"65":0,"66":0,"67":0,"68":0,"69":0,"70":0,"71":0,"72":0,"73":0,"74":0,"75":0,"76":0,"77":0,"78":0,"79":0,"80":0,"81":0,"82":0,"83":0,"84":0,"85":0,"86":0,"87":0,"88":0,"89":0,"90":0,"91":1},"f":{"0":0,"1":0,"2":0,"3":0,"4":0,"5":0,"6":0,"7":0,"8":0},"b":{"0":[0],"1":[0],"2":[0,0],"3":[0],"4":[0],"5":[0],"6":[0,0],"7":[0],"8":[0],"9":[0],"10":[0],"11":[0],"12":[0],"13":[0],"14":[0,0,0],"15":[0],"16":[0,0],"17":[0],"18":[0],"19":[0]}}
,"D:\\MCA\\Flutter\\stream_sync_lite\\backend\\src\\utils\\jwt.ts": {"path":"D:\\MCA\\Flutter\\stream_sync_lite\\backend\\src\\utils\\jwt.ts","statementMap":{"0":{"start":{"line":1,"column":0},"end":{"line":1,"column":36}},"1":{"start":{"line":2,"column":0},"end":{"line":2,"column":35}},"2":{"start":{"line":18,"column":35},"end":{"line":22,"column":1}},"3":{"start":{"line":19,"column":2},"end":{"line":21,"column":24}},"4":{"start":{"line":18,"column":13},"end":{"line":18,"column":35}},"5":{"start":{"line":27,"column":36},"end":{"line":31,"column":1}},"6":{"start":{"line":28,"column":2},"end":{"line":30,"column":24}},"7":{"start":{"line":27,"column":13},"end":{"line":27,"column":36}},"8":{"start":{"line":36,"column":33},"end":{"line":41,"column":1}},"9":{"start":{"line":37,"column":2},"end":{"line":40,"column":4}},"10":{"start":{"line":36,"column":13},"end":{"line":36,"column":33}},"11":{"start":{"line":46,"column":33},"end":{"line":52,"column":1}},"12":{"start":{"line":47,"column":2},"end":{"line":51,"column":3}},"13":{"start":{"line":48,"column":4},"end":{"line":48,"column":70}},"14":{"start":{"line":50,"column":4},"end":{"line":50,"column":55}},"15":{"start":{"line":46,"column":13},"end":{"line":46,"column":33}},"16":{"start":{"line":57,"column":34},"end":{"line":63,"column":1}},"17":{"start":{"line":58,"column":2},"end":{"line":62,"column":3}},"18":{"start":{"line":59,"column":4},"end":{"line":59,"column":71}},"19":{"start":{"line":61,"column":4},"end":{"line":61,"column":56}},"20":{"start":{"line":57,"column":13},"end":{"line":57,"column":34}}},"fnMap":{"0":{"name":"(anonymous_9)","decl":{"start":{"line":18,"column":35},"end":{"line":18,"column":36}},"loc":{"start":{"line":18,"column":69},"end":{"line":22,"column":1}}},"1":{"name":"(anonymous_10)","decl":{"start":{"line":27,"column":36},"end":{"line":27,"column":37}},"loc":{"start":{"line":27,"column":70},"end":{"line":31,"column":1}}},"2":{"name":"(anonymous_11)","decl":{"start":{"line":36,"column":33},"end":{"line":36,"column":34}},"loc":{"start":{"line":36,"column":70},"end":{"line":41,"column":1}}},"3":{"name":"(anonymous_12)","decl":{"start":{"line":46,"column":33},"end":{"line":46,"column":34}},"loc":{"start":{"line":46,"column":65},"end":{"line":52,"column":1}}},"4":{"name":"(anonymous_13)","decl":{"start":{"line":57,"column":34},"end":{"line":57,"column":35}},"loc":{"start":{"line":57,"column":66},"end":{"line":63,"column":1}}}},"branchMap":{},"s":{"0":1,"1":1,"2":1,"3":1,"4":1,"5":1,"6":1,"7":1,"8":1,"9":1,"10":1,"11":1,"12":0,"13":0,"14":0,"15":1,"16":1,"17":0,"18":0,"19":0,"20":1},"f":{"0":1,"1":1,"2":1,"3":0,"4":0},"b":{}}
,"D:\\MCA\\Flutter\\stream_sync_lite\\backend\\src\\validations\\auth.validation.ts": {"path":"D:\\MCA\\Flutter\\stream_sync_lite\\backend\\src\\validations\\auth.validation.ts","statementMap":{"0":{"start":{"line":1,"column":0},"end":{"line":1,"column":22}},"1":{"start":{"line":6,"column":13},"end":{"line":23,"column":3}},"2":{"start":{"line":28,"column":13},"end":{"line":40,"column":3}},"3":{"start":{"line":45,"column":13},"end":{"line":50,"column":3}},"4":{"start":{"line":55,"column":13},"end":{"line":65,"column":3}}},"fnMap":{},"branchMap":{},"s":{"0":1,"1":1,"2":1,"3":1,"4":1},"f":{},"b":{}}
}
