TN:
SF:src\config\database.ts
FN:22,(anonymous_0)
FNF:1
FNH:0
FNDA:0,(anonymous_0)
DA:1,1
DA:2,1
DA:4,1
DA:22,1
DA:23,0
DA:24,0
DA:25,0
DA:31,0
DA:32,0
DA:34,0
DA:35,0
DA:39,1
LF:12
LH:5
BRDA:12,0,0,0
BRDA:12,0,1,1
BRF:2
BRH:1
end_of_record
TN:
SF:src\config\firebase.ts
FN:7,(anonymous_10)
FN:36,(anonymous_11)
FN:43,(anonymous_12)
FNF:3
FNH:0
FNDA:0,(anonymous_10)
FNDA:0,(anonymous_11)
FNDA:0,(anonymous_12)
DA:1,1
DA:2,1
DA:3,1
DA:5,1
DA:7,1
DA:8,0
DA:9,0
DA:10,0
DA:11,0
DA:14,0
DA:16,0
DA:17,0
DA:18,0
DA:19,0
DA:22,0
DA:24,0
DA:28,0
DA:29,0
DA:31,0
DA:32,0
DA:36,1
DA:37,0
DA:38,0
DA:40,0
DA:43,1
DA:44,0
LF:26
LH:7
BRDA:9,0,0,0
BRDA:16,1,0,0
BRDA:37,2,0,0
BRF:3
BRH:0
end_of_record
TN:
SF:src\config\index.ts
FNF:0
FNH:0
DA:1,2
DA:3,2
LF:2
LH:2
BRDA:5,0,0,2
BRDA:5,0,1,0
BRDA:6,1,0,2
BRDA:6,1,1,0
BRDA:9,2,0,2
BRDA:9,2,1,0
BRDA:10,3,0,2
BRDA:10,3,1,0
BRDA:11,4,0,2
BRDA:11,4,1,0
BRDA:12,5,0,2
BRDA:12,5,1,0
BRDA:13,6,0,2
BRDA:13,6,1,2
BRDA:16,7,0,2
BRDA:16,7,1,0
BRDA:17,8,0,2
BRDA:17,8,1,0
BRDA:18,9,0,2
BRDA:18,9,1,0
BRDA:19,10,0,2
BRDA:19,10,1,0
BRDA:22,11,0,2
BRDA:22,11,1,0
BRF:24
BRH:13
end_of_record
TN:
SF:src\controllers\auth.controller.ts
FN:16,(anonymous_0)
FN:80,(anonymous_1)
FN:153,(anonymous_2)
FN:217,(anonymous_3)
FNF:4
FNH:2
FNDA:3,(anonymous_0)
FNDA:3,(anonymous_1)
FNDA:0,(anonymous_2)
FNDA:0,(anonymous_3)
DA:3,1
DA:4,1
DA:5,1
DA:10,1
DA:16,1
DA:17,3
DA:19,3
DA:20,3
DA:21,1
DA:25,1
DA:28,2
DA:31,2
DA:32,2
DA:33,1
DA:37,1
DA:41,1
DA:44,1
DA:52,1
DA:58,1
DA:67,1
DA:68,1
DA:80,1
DA:81,3
DA:83,3
DA:84,3
DA:85,0
DA:89,0
DA:92,3
DA:95,3
DA:96,3
DA:97,1
DA:101,1
DA:105,2
DA:106,0
DA:107,0
DA:111,0
DA:115,0
DA:122,0
DA:123,0
DA:124,0
DA:126,0
DA:131,0
DA:140,2
DA:141,2
DA:153,1
DA:154,0
DA:156,0
DA:157,0
DA:158,0
DA:162,0
DA:165,0
DA:169,0
DA:170,0
DA:172,0
DA:176,0
DA:180,0
DA:181,0
DA:182,0
DA:186,0
DA:190,0
DA:196,0
DA:204,0
DA:205,0
DA:217,1
DA:218,0
DA:219,0
DA:220,0
DA:224,0
DA:227,0
DA:228,0
DA:229,0
DA:233,0
DA:236,0
DA:243,0
DA:244,0
LF:75
LH:35
BRDA:20,0,0,1
BRDA:32,1,0,1
BRDA:84,2,0,0
BRDA:96,3,0,1
BRDA:106,4,0,0
BRDA:122,5,0,0
BRDA:122,6,0,0
BRDA:122,6,1,0
BRDA:157,7,0,0
BRDA:181,8,0,0
BRDA:219,9,0,0
BRDA:228,10,0,0
BRF:12
BRH:3
end_of_record
TN:
SF:src\controllers\notification.controller.ts
FN:11,(anonymous_0)
FN:49,(anonymous_1)
FN:89,(anonymous_2)
FN:117,(anonymous_3)
FN:155,(anonymous_4)
FN:218,(anonymous_5)
FNF:6
FNH:0
FNDA:0,(anonymous_0)
FNDA:0,(anonymous_1)
FNDA:0,(anonymous_2)
FNDA:0,(anonymous_3)
FNDA:0,(anonymous_4)
FNDA:0,(anonymous_5)
DA:2,0
DA:3,0
DA:11,0
DA:12,0
DA:13,0
DA:14,0
DA:15,0
DA:17,0
DA:24,0
DA:28,0
DA:35,0
DA:36,0
DA:49,0
DA:50,0
DA:51,0
DA:52,0
DA:54,0
DA:58,0
DA:59,0
DA:63,0
DA:66,0
DA:67,0
DA:69,0
DA:75,0
DA:76,0
DA:89,0
DA:90,0
DA:91,0
DA:93,0
DA:98,0
DA:103,0
DA:104,0
DA:117,0
DA:118,0
DA:119,0
DA:120,0
DA:122,0
DA:126,0
DA:127,0
DA:131,0
DA:134,0
DA:136,0
DA:141,0
DA:142,0
DA:155,0
DA:156,0
DA:157,0
DA:158,0
DA:160,0
DA:161,0
DA:165,0
DA:169,0
DA:178,0
DA:179,0
DA:189,0
DA:195,0
DA:196,0
DA:204,0
DA:205,0
DA:218,0
DA:219,0
DA:220,0
DA:222,0
DA:223,0
DA:227,0
DA:230,0
DA:242,0
DA:243,0
DA:254,0
DA:257,0
DA:263,0
DA:264,0
LF:72
LH:0
BRDA:14,0,0,0
BRDA:14,0,1,0
BRDA:15,1,0,0
BRDA:15,1,1,0
BRDA:58,2,0,0
BRDA:126,3,0,0
BRDA:160,4,0,0
BRDA:160,5,0,0
BRDA:160,5,1,0
BRDA:222,6,0,0
BRDA:222,7,0,0
BRDA:222,7,1,0
BRDA:222,7,2,0
BRDA:235,8,0,0
BRDA:235,8,1,0
BRDA:250,9,0,0
BRDA:250,9,1,0
BRF:17
BRH:0
end_of_record
TN:
SF:src\controllers\video.controller.ts
FN:11,(anonymous_0)
FN:30,(anonymous_1)
FN:41,(anonymous_2)
FN:45,(anonymous_3)
FN:47,(anonymous_4)
FN:94,(anonymous_5)
FN:140,(anonymous_6)
FN:193,(anonymous_7)
FN:248,(anonymous_8)
FN:267,(anonymous_9)
FNF:10
FNH:8
FNDA:3,(anonymous_0)
FNDA:2,(anonymous_1)
FNDA:2,(anonymous_2)
FNDA:2,(anonymous_3)
FNDA:2,(anonymous_4)
FNDA:0,(anonymous_5)
FNDA:0,(anonymous_6)
FNDA:3,(anonymous_7)
FNDA:1,(anonymous_8)
FNDA:2,(anonymous_9)
DA:2,1
DA:3,1
DA:11,1
DA:12,3
DA:13,3
DA:14,3
DA:15,3
DA:17,3
DA:20,3
DA:26,2
DA:29,2
DA:30,2
DA:31,1
DA:33,1
DA:40,1
DA:41,1
DA:42,2
DA:45,2
DA:47,1
DA:48,2
DA:49,2
DA:63,2
DA:64,2
DA:67,1
DA:73,1
DA:80,1
DA:81,1
DA:94,1
DA:95,0
DA:96,0
DA:97,0
DA:99,0
DA:101,0
DA:102,0
DA:106,0
DA:110,0
DA:111,0
DA:112,0
DA:117,0
DA:126,0
DA:127,0
DA:140,1
DA:141,0
DA:142,0
DA:143,0
DA:144,0
DA:146,0
DA:147,0
DA:151,0
DA:154,0
DA:155,0
DA:156,0
DA:160,0
DA:164,0
DA:173,0
DA:179,0
DA:180,0
DA:193,1
DA:194,3
DA:195,3
DA:196,3
DA:198,3
DA:200,3
DA:201,3
DA:202,1
DA:206,1
DA:210,2
DA:214,2
DA:215,1
DA:216,1
DA:217,1
DA:219,1
DA:225,1
DA:228,2
DA:234,0
DA:235,0
DA:248,1
DA:249,1
DA:250,1
DA:252,1
DA:267,2
DA:273,1
DA:278,0
DA:279,0
LF:84
LH:52
BRDA:14,0,0,3
BRDA:14,0,1,3
BRDA:15,1,0,3
BRDA:15,1,1,3
BRDA:29,2,0,1
BRDA:29,2,1,1
BRDA:60,3,0,2
BRDA:60,3,1,1
BRDA:61,4,0,2
BRDA:61,4,1,1
BRDA:101,5,0,0
BRDA:111,6,0,0
BRDA:121,7,0,0
BRDA:121,7,1,0
BRDA:122,8,0,0
BRDA:122,8,1,0
BRDA:146,9,0,0
BRDA:146,10,0,0
BRDA:146,10,1,0
BRDA:155,11,0,0
BRDA:175,12,0,0
BRDA:175,12,1,0
BRDA:201,13,0,1
BRDA:214,14,0,1
BRDA:214,14,1,1
BRDA:230,15,0,2
BRDA:230,15,1,0
BRF:27
BRH:14
end_of_record
TN:
SF:src\middleware\auth.middleware.ts
FN:15,(anonymous_0)
FN:55,(anonymous_1)
FNF:2
FNH:0
FNDA:0,(anonymous_0)
FNDA:0,(anonymous_1)
DA:2,0
DA:15,0
DA:20,0
DA:21,0
DA:23,0
DA:24,0
DA:28,0
DA:31,0
DA:33,0
DA:34,0
DA:35,0
DA:36,0
DA:38,0
DA:42,0
DA:45,0
DA:55,0
DA:60,0
DA:61,0
DA:65,0
DA:68,0
DA:69,0
DA:73,0
DA:76,0
LF:23
LH:0
BRDA:23,0,0,0
BRDA:23,1,0,0
BRDA:23,1,1,0
BRDA:60,2,0,0
BRDA:68,3,0,0
BRF:5
BRH:0
end_of_record
TN:
SF:src\models\FCMToken.ts
FN:4,(anonymous_1)
FNF:1
FNH:1
FNDA:1,(anonymous_1)
DA:1,1
DA:2,1
DA:4,1
DA:5,1
DA:6,1
DA:7,1
DA:30,1
DA:84,1
LF:8
LH:8
BRDA:4,0,0,1
BRDA:4,0,1,1
BRF:2
BRH:2
end_of_record
TN:
SF:src\models\Notification.ts
FNF:0
FNH:0
DA:1,1
DA:2,1
DA:36,1
DA:94,1
LF:4
LH:4
BRF:0
BRH:0
end_of_record
TN:
SF:src\models\User.ts
FN:5,(anonymous_1)
FN:32,(anonymous_2)
FN:37,(anonymous_3)
FN:43,(anonymous_4)
FNF:4
FNH:1
FNDA:1,(anonymous_1)
FNDA:0,(anonymous_2)
FNDA:0,(anonymous_3)
FNDA:0,(anonymous_4)
DA:1,1
DA:2,1
DA:3,1
DA:5,1
DA:6,1
DA:7,1
DA:33,0
DA:38,0
DA:39,0
DA:44,0
DA:45,0
DA:49,1
DA:95,1
LF:13
LH:8
BRDA:5,0,0,1
BRDA:5,0,1,1
BRF:2
BRH:2
end_of_record
TN:
SF:src\models\Video.ts
FNF:0
FNH:0
DA:1,1
DA:2,1
DA:36,1
DA:91,1
LF:4
LH:4
BRF:0
BRH:0
end_of_record
TN:
SF:src\models\VideoProgress.ts
FNF:0
FNH:0
DA:1,1
DA:2,1
DA:26,1
DA:76,1
LF:4
LH:4
BRF:0
BRH:0
end_of_record
TN:
SF:src\models\index.ts
FNF:0
FNH:0
DA:1,1
DA:2,1
DA:3,1
DA:4,1
DA:5,1
DA:8,1
DA:13,1
DA:18,1
DA:23,1
DA:28,1
DA:33,1
DA:38,1
DA:43,1
DA:48,1
LF:14
LH:14
BRF:0
BRH:0
end_of_record
TN:
SF:src\routes\auth.routes.ts
FNF:0
FNH:0
DA:1,0
DA:2,0
DA:3,0
DA:5,0
DA:12,0
DA:19,0
DA:26,0
DA:33,0
DA:35,0
LF:9
LH:0
BRF:0
BRH:0
end_of_record
TN:
SF:src\routes\fcm.routes.ts
FN:38,(anonymous_0)
FNF:1
FNH:0
FNDA:0,(anonymous_0)
DA:1,0
DA:2,0
DA:8,0
DA:10,0
DA:17,0
DA:24,0
DA:31,0
DA:38,0
DA:39,0
DA:40,0
DA:41,0
DA:47,0
DA:49,0
DA:50,0
DA:57,0
DA:59,0
DA:65,0
DA:66,0
DA:73,0
LF:19
LH:0
BRDA:40,0,0,0
BRDA:49,1,0,0
BRDA:49,2,0,0
BRDA:49,2,1,0
BRDA:68,3,0,0
BRDA:68,3,1,0
BRF:6
BRH:0
end_of_record
TN:
SF:src\routes\index.ts
FN:10,(anonymous_1)
FNF:1
FNH:0
FNDA:0,(anonymous_1)
DA:1,0
DA:2,0
DA:3,0
DA:4,0
DA:5,0
DA:7,0
DA:10,0
DA:11,0
DA:19,0
DA:20,0
DA:21,0
DA:22,0
DA:24,0
LF:13
LH:0
BRF:0
BRH:0
end_of_record
TN:
SF:src\routes\notification.routes.ts
FNF:0
FNH:0
DA:1,0
DA:2,0
DA:10,0
DA:12,0
DA:15,0
DA:17,0
DA:18,0
DA:19,0
DA:20,0
DA:21,0
DA:24,0
DA:26,0
LF:12
LH:0
BRF:0
BRH:0
end_of_record
TN:
SF:src\routes\video.routes.ts
FNF:0
FNH:0
DA:1,0
DA:2,0
DA:9,0
DA:11,0
DA:14,0
DA:17,0
DA:18,0
DA:19,0
DA:20,0
DA:22,0
LF:10
LH:0
BRF:0
BRH:0
end_of_record
TN:
SF:src\scripts\fetch-youtube-videos.ts
FN:26,getChannelIdFromHandle
FN:51,getChannelVideos
FN:74,getVideoDetails
FN:94,parseDuration
FN:108,fetchAndSeedYouTubeVideos
FN:131,(anonymous_6)
FN:137,(anonymous_7)
FN:156,(anonymous_8)
FN:187,(anonymous_9)
FNF:9
FNH:0
FNDA:0,getChannelIdFromHandle
FNDA:0,getChannelVideos
FNDA:0,getVideoDetails
FNDA:0,parseDuration
FNDA:0,fetchAndSeedYouTubeVideos
FNDA:0,(anonymous_6)
FNDA:0,(anonymous_7)
FNDA:0,(anonymous_8)
FNDA:0,(anonymous_9)
DA:1,0
DA:2,0
DA:4,0
DA:6,0
DA:13,0
DA:27,0
DA:28,0
DA:41,0
DA:42,0
DA:44,0
DA:46,0
DA:47,0
DA:52,0
DA:53,0
DA:67,0
DA:69,0
DA:70,0
DA:75,0
DA:76,0
DA:87,0
DA:89,0
DA:90,0
DA:95,0
DA:96,0
DA:98,0
DA:99,0
DA:100,0
DA:102,0
DA:103,0
DA:105,0
DA:108,0
DA:109,0
DA:111,0
DA:113,0
DA:114,0
DA:117,0
DA:118,0
DA:119,0
DA:120,0
DA:124,0
DA:125,0
DA:126,0
DA:127,0
DA:131,0
DA:132,0
DA:135,0
DA:136,0
DA:137,0
DA:139,0
DA:153,0
DA:156,0
DA:159,0
DA:160,0
DA:163,0
DA:164,0
DA:165,0
DA:176,0
DA:178,0
DA:182,0
DA:186,0
DA:187,0
DA:188,0
DA:189,0
DA:191,0
DA:192,0
DA:193,0
LF:66
LH:0
BRDA:41,0,0,0
BRDA:41,1,0,0
BRDA:41,1,1,0
BRDA:51,2,0,0
BRDA:67,3,0,0
BRDA:67,3,1,0
BRDA:87,4,0,0
BRDA:87,4,1,0
BRDA:96,5,0,0
BRDA:98,6,0,0
BRDA:98,6,1,0
BRDA:99,7,0,0
BRDA:99,7,1,0
BRDA:100,8,0,0
BRDA:100,8,1,0
BRDA:102,9,0,0
BRDA:118,10,0,0
BRDA:125,11,0,0
BRDA:143,12,0,0
BRDA:143,12,1,0
BRDA:145,13,0,0
BRDA:145,13,1,0
BRDA:148,14,0,0
BRDA:148,14,1,0
BRDA:148,15,0,0
BRDA:148,15,1,0
BRDA:149,16,0,0
BRDA:149,16,1,0
BRDA:149,17,0,0
BRDA:149,17,1,0
BRDA:172,18,0,0
BRDA:172,18,1,0
BRDA:186,19,0,0
BRF:33
BRH:0
end_of_record
TN:
SF:src\services\fcm.service.ts
FN:11,(anonymous_0)
FN:31,(anonymous_1)
FN:48,(anonymous_2)
FN:72,(anonymous_3)
FN:107,(anonymous_4)
FN:152,(anonymous_5)
FN:201,(anonymous_6)
FN:238,(anonymous_7)
FN:255,(anonymous_8)
FNF:9
FNH:0
FNDA:0,(anonymous_0)
FNDA:0,(anonymous_1)
FNDA:0,(anonymous_2)
FNDA:0,(anonymous_3)
FNDA:0,(anonymous_4)
FNDA:0,(anonymous_5)
FNDA:0,(anonymous_6)
FNDA:0,(anonymous_7)
FNDA:0,(anonymous_8)
DA:3,1
DA:4,1
DA:5,1
DA:11,1
DA:17,0
DA:18,0
DA:22,0
DA:26,0
DA:27,0
DA:30,0
DA:31,0
DA:34,0
DA:43,0
DA:46,0
DA:47,0
DA:48,0
DA:49,0
DA:50,0
DA:54,0
DA:55,0
DA:63,0
DA:72,1
DA:77,0
DA:79,0
DA:83,0
DA:85,0
DA:86,0
DA:87,0
DA:91,0
DA:98,0
DA:99,0
DA:107,1
DA:111,0
DA:112,0
DA:113,0
DA:117,0
DA:121,0
DA:122,0
DA:123,0
DA:127,0
DA:130,0
DA:132,0
DA:134,0
DA:139,0
DA:140,0
DA:152,1
DA:156,0
DA:157,0
DA:158,0
DA:162,0
DA:165,0
DA:167,0
DA:168,0
DA:172,0
DA:176,0
DA:183,0
DA:188,0
DA:189,0
DA:201,1
DA:205,0
DA:206,0
DA:207,0
DA:211,0
DA:214,0
DA:216,0
DA:217,0
DA:221,0
DA:225,0
DA:229,0
DA:230,0
DA:234,0
DA:237,0
DA:238,0
DA:241,0
DA:250,0
DA:253,0
DA:254,0
DA:255,0
DA:256,0
DA:257,0
DA:261,0
DA:262,0
DA:270,0
DA:279,0
DA:280,0
LF:85
LH:8
BRDA:17,0,0,0
BRDA:26,1,0,0
BRDA:39,2,0,0
BRDA:39,2,1,0
BRDA:46,3,0,0
BRDA:49,4,0,0
BRDA:54,5,0,0
BRDA:83,6,0,0
BRDA:83,6,1,0
BRDA:85,7,0,0
BRDA:112,8,0,0
BRDA:122,9,0,0
BRDA:157,10,0,0
BRDA:167,11,0,0
BRDA:206,12,0,0
BRDA:216,13,0,0
BRDA:216,14,0,0
BRDA:216,14,1,0
BRDA:216,14,2,0
BRDA:229,15,0,0
BRDA:246,16,0,0
BRDA:246,16,1,0
BRDA:253,17,0,0
BRDA:256,18,0,0
BRDA:261,19,0,0
BRF:25
BRH:0
end_of_record
TN:
SF:src\utils\jwt.ts
FN:18,(anonymous_9)
FN:27,(anonymous_10)
FN:36,(anonymous_11)
FN:46,(anonymous_12)
FN:57,(anonymous_13)
FNF:5
FNH:3
FNDA:1,(anonymous_9)
FNDA:1,(anonymous_10)
FNDA:1,(anonymous_11)
FNDA:0,(anonymous_12)
FNDA:0,(anonymous_13)
DA:1,1
DA:2,1
DA:18,1
DA:19,1
DA:27,1
DA:28,1
DA:36,1
DA:37,1
DA:46,1
DA:47,0
DA:48,0
DA:50,0
DA:57,1
DA:58,0
DA:59,0
DA:61,0
LF:16
LH:10
BRF:0
BRH:0
end_of_record
TN:
SF:src\validations\auth.validation.ts
FNF:0
FNH:0
DA:1,1
DA:6,1
DA:28,1
DA:45,1
DA:55,1
LF:5
LH:5
BRF:0
BRH:0
end_of_record
